#
# A fatal error has been detected by the Java Runtime Environment:
#
#  SIGSEGV (0xb) at pc=0x0000000000000000, pid=3991, tid=3992
#
# JRE version: OpenJDK Runtime Environment (21.0.4+7) (build 21.0.4+7-Ubuntu-1ubuntu222.04)
# Java VM: OpenJDK 64-Bit Server VM (21.0.4+7-Ubuntu-1ubuntu222.04, mixed mode, sharing, tiered, compressed oops, compressed class ptrs, g1 gc, linux-amd64)
# Problematic frame:
# C  [libjniRaylib.so+0x14e2af]  rlLoadTexture+0x4f
#
# Core dump will be written. Default location: Core dumps may be processed with "/wsl-capture-crash %t %E %p %s" (or dumping to /mnt/c/Users/Zane/Documents/HackRPI/PuckmanBall/core.3991)
#
# If you would like to submit a bug report, please visit:
#   https://bugs.launchpad.net/ubuntu/+source/openjdk-21
# The crash happened outside the Java Virtual Machine in native code.
# See problematic frame for where to report the bug.
#

---------------  S U M M A R Y ------------

Command Line: --add-modules=ALL-DEFAULT jdk.compiler/com.sun.tools.javac.launcher.Main src/PuckmanBall.java

Host: AMD Ryzen 7 PRO 7840U w/ Radeon 780M Graphics, 16 cores, 14G, Ubuntu 22.04.3 LTS
Time: Sat Nov  9 12:19:35 2024 EST elapsed time: 0.858065 seconds (0d 0h 0m 0s)

---------------  T H R E A D  ---------------

Current thread (0x00007f1820019b80):  JavaThread "main"             [_thread_in_native, id=3992, stack(0x00007f1824b38000,0x00007f1824c38000) (1024K)]

Stack: [0x00007f1824b38000,0x00007f1824c38000],  sp=0x00007f1824c36130,  free space=1016k
Native frames: (J=compiled Java code, j=interpreted, Vv=VM code, C=native code)
C  [libjniRaylib.so+0x14e2af]  rlLoadTexture+0x4f
Java frames: (J=compiled Java code, j=interpreted, Vv=VM code)
j  com.raylib.Raylib.InitWindow(IILjava/lang/String;)V+0
j  PuckmanBall.main([Ljava/lang/String;)V+16
j  java.lang.invoke.LambdaForm$DMH+0x00007f17ac030000.invokeStatic(Ljava/lang/Object;Ljava/lang/Object;)V+10 java.base@21.0.4
j  java.lang.invoke.LambdaForm$MH+0x00007f17ac139400.invoke(Ljava/lang/Object;Ljava/lang/Object;Ljava/lang/Object;)Ljava/lang/Object;+33 java.base@21.0.4
j  java.lang.invoke.Invokers$Holder.invokeExact_MT(Ljava/lang/Object;Ljava/lang/Object;Ljava/lang/Object;Ljava/lang/Object;)Ljava/lang/Object;+20 java.base@21.0.4
j  jdk.internal.reflect.DirectMethodHandleAccessor.invokeImpl(Ljava/lang/Object;[Ljava/lang/Object;)Ljava/lang/Object;+55 java.base@21.0.4
j  jdk.internal.reflect.DirectMethodHandleAccessor.invoke(Ljava/lang/Object;[Ljava/lang/Object;)Ljava/lang/Object;+23 java.base@21.0.4
j  java.lang.reflect.Method.invoke(Ljava/lang/Object;[Ljava/lang/Object;)Ljava/lang/Object;+102 java.base@21.0.4
j  com.sun.tools.javac.launcher.Main.execute(Ljava/lang/String;[Ljava/lang/String;Lcom/sun/tools/javac/launcher/Main$Context;)V+291 jdk.compiler@21.0.4
j  com.sun.tools.javac.launcher.Main.run([Ljava/lang/String;[Ljava/lang/String;)V+54 jdk.compiler@21.0.4
j  com.sun.tools.javac.launcher.Main.main([Ljava/lang/String;)V+17 jdk.compiler@21.0.4
v  ~StubRoutines::call_stub 0x00007f180fe5acc6

siginfo: si_signo: 11 (SIGSEGV), si_code: 1 (SEGV_MAPERR), si_addr: 0x0000000000000000

Registers:
RAX=0x00007f17aa19f758, RBX=0x0000000000000000, RCX=0x0000000000000007, RDX=0x0000000000000001
RSP=0x00007f1824c36128, RBP=0x0000000000000000, RSI=0x0000000000000000, RDI=0x0000000000000de1
R8 =0x0000000000000001, R9 =0x00007f1824c360ef, R10=0x00007f1824c360f0, R11=0x0000000000000293
R12=0x3f8000003f800000, R13=0x0000000000000007, R14=0x00007f1824c36458, R15=0x00007f1820019b80
RIP=0x0000000000000000, EFLAGS=0x0000000000010246, CSGSFS=0x002b000000000033, ERR=0x0000000000000014
  TRAPNO=0x000000000000000e


Register to memory mapping:

RAX=0x00007f17aa19f758: glad_glBindTexture+0x0000000000000000 in /home/zbrotherton/.javacpp/cache/jaylib-5.0.0-0.jar/com/raylib/linux-x86_64/libjniRaylib.so at 0x00007f17a9e2f000
RBX=0x0 is null
RCX=0x0000000000000007 is an unknown value
RDX=0x0000000000000001 is an unknown value
RSP=0x00007f1824c36128 is pointing into the stack for thread: 0x00007f1820019b80
RBP=0x0 is null
RSI=0x0 is null
RDI=0x0000000000000de1 is an unknown value
R8 =0x0000000000000001 is an unknown value
R9 =0x00007f1824c360ef is pointing into the stack for thread: 0x00007f1820019b80
R10=0x00007f1824c360f0 is pointing into the stack for thread: 0x00007f1820019b80
R11=0x0000000000000293 is an unknown value
R12=0x3f8000003f800000 is an unknown value
R13=0x0000000000000007 is an unknown value
R14=0x00007f1824c36458 is pointing into the stack for thread: 0x00007f1820019b80
R15=0x00007f1820019b80 is a thread

Top of Stack: (sp=0x00007f1824c36128)
0x00007f1824c36128:   00007f17a9f7d2af 0000000000000000
0x00007f1824c36138:   00007f1824c36204 cafebabe00000001
0x00007f1824c36148:   0000000000000000 0000000000000000
0x00007f1824c36158:   0000000000000000 0000000000000000
0x00007f1824c36168:   0000000100000001 0000000000000000
0x00007f1824c36178:   0000000000000000 00007f17aa1ca550
0x00007f1824c36188:   00007f18207073f0 0000000000000066
0x00007f1824c36198:   782caf8dc0c00b00 0000000000000001
0x00007f1824c361a8:   0000000000000000 0000000000000000
0x00007f1824c361b8:   3f8000003f800000 0000000000000320
0x00007f1824c361c8:   00007f1824c36458 00007f1820019b80
0x00007f1824c361d8:   00007f17a9f7d799 0000000000000000
0x00007f1824c361e8:   0000000000000000 0000000000000000
0x00007f1824c361f8:   0000000000000000 ffffffff00000000
0x00007f1824c36208:   782caf8dc0c00b00 0000000000000000
0x00007f1824c36218:   00007f17aa19cde0 00007f182077e450
0x00007f1824c36228:   3f8000003f800000 0000000000000320
0x00007f1824c36238:   00007f17a9f91e71 0000000000000000
0x00007f1824c36248:   0000000000000000 0000000000000000
0x00007f1824c36258:   00007f1820019b80 000000000000000c
0x00007f1824c36268:   0000000000000000 00007f182077e450
0x00007f1824c36278:   00007f1820019b80 00007f1824c362f0
0x00007f1824c36288:   00007f1825922015 00007f1820019b80
0x00007f1824c36298:   0000000000000000 00007f1820019b80
0x00007f1824c362a8:   0000000000000000 0000000000000000
0x00007f1824c362b8:   0000000000000000 cafebabecafebabe
0x00007f1824c362c8:   00007f17a0ae2730 0000000000000000
0x00007f1824c362d8:   00007f17a0ae2730 00007f1824c36458
0x00007f1824c362e8:   00007f1820019b80 00007f1824c36320
0x00007f1824c362f8:   00007f17a9f59ed1 00007f182077e450
0x00007f1824c36308:   000000000000000c 00007f1820164af0
0x00007f1824c36318:   00007f1820019f38 00007f1824c36360 

Instructions: (pc=0x00007f17a9f7d2af)
0x00007f17a9f7d1af:   00 48 8d 05 5b 9a 17 00 c3 0f 1f 84 00 00 00 00
0x00007f17a9f7d1bf:   00 48 8d 05 41 9a 17 00 c3 0f 1f 84 00 00 00 00
0x00007f17a9f7d1cf:   00 48 8d 05 2d 9a 17 00 c3 0f 1f 84 00 00 00 00
0x00007f17a9f7d1df:   00 48 8d 05 10 9a 17 00 c3 0f 1f 84 00 00 00 00
0x00007f17a9f7d1ef:   00 48 8d 05 f6 99 17 00 c3 0f 1f 84 00 00 00 00
0x00007f17a9f7d1ff:   00 48 8d 05 e2 99 17 00 c3 0f 1f 84 00 00 00 00
0x00007f17a9f7d20f:   00 48 8d 05 c9 99 17 00 c3 0f 1f 84 00 00 00 00
0x00007f17a9f7d21f:   00 48 8d 05 b0 99 17 00 c3 0f 1f 84 00 00 00 00
0x00007f17a9f7d22f:   00 48 8d 05 97 99 17 00 c3 0f 1f 84 00 00 00 00
0x00007f17a9f7d23f:   00 48 8d 05 80 99 17 00 c3 0f 1f 84 00 00 00 00
0x00007f17a9f7d24f:   00 48 8d 05 69 99 17 00 c3 48 8d 05 4f 99 17 00
0x00007f17a9f7d25f:   c3 f3 0f 1e fa 41 57 41 56 41 55 41 89 cd 41 54
0x00007f17a9f7d26f:   55 53 48 83 ec 78 48 89 7c 24 08 bf e1 0d 00 00
0x00007f17a9f7d27f:   89 74 24 38 31 f6 89 54 24 3c 44 89 44 24 10 64
0x00007f17a9f7d28f:   48 8b 04 25 28 00 00 00 48 89 44 24 68 31 c0 48
0x00007f17a9f7d29f:   8d 05 b3 24 22 00 c7 44 24 40 00 00 00 00 ff 10
0x00007f17a9f7d2af:   80 3d f9 83 22 00 00 75 0d 41 8d 45 f2 83 f8 03
0x00007f17a9f7d2bf:   0f 86 b3 03 00 00 80 3d e4 83 22 00 01 74 0a 41
0x00007f17a9f7d2cf:   83 fd 12 0f 84 f8 03 00 00 80 3d d2 83 22 00 00
0x00007f17a9f7d2df:   75 0d 41 8d 45 ed 83 f8 01 0f 86 aa 03 00 00 80
0x00007f17a9f7d2ef:   3d bd 83 22 00 00 75 0d 41 8d 45 eb 83 f8 01 0f
0x00007f17a9f7d2ff:   86 b0 03 00 00 80 3d a8 83 22 00 00 0f 84 1f 03
0x00007f17a9f7d30f:   00 00 48 8d 05 40 13 22 00 be 01 00 00 00 bf f5
0x00007f17a9f7d31f:   0c 00 00 ff 10 48 8d 05 dd 1c 22 00 48 8d 74 24
0x00007f17a9f7d32f:   40 bf 01 00 00 00 ff 10 48 8d 05 1a 24 22 00 8b
0x00007f17a9f7d33f:   74 24 40 bf e1 0d 00 00 ff 10 44 8b 44 24 10 45
0x00007f17a9f7d34f:   85 c0 0f 8e 99 03 00 00 41 8d 45 ff 4c 8b 64 24
0x00007f17a9f7d35f:   08 44 8b 7c 24 3c 31 ed 89 44 24 14 41 8d 45 f2
0x00007f17a9f7d36f:   44 8b 74 24 38 89 44 24 30 41 8d 45 f0 89 44 24
0x00007f17a9f7d37f:   34 48 8d 44 24 4c 48 89 44 24 28 48 8d 44 24 48
0x00007f17a9f7d38f:   48 89 44 24 20 48 8d 44 24 44 48 89 44 24 18 e9
0x00007f17a9f7d39f:   f5 00 00 00 0f 1f 44 00 00 83 7c 24 30 01 0f 86 


Stack slot to memory mapping:

stack at sp + 0 slots: 0x0 is null
stack at sp + 1 slots: 0x00007f1824c36204 is pointing into the stack for thread: 0x00007f1820019b80
stack at sp + 2 slots: 0xcafebabe00000001 is an unknown value
stack at sp + 3 slots: 0x0 is null
stack at sp + 4 slots: 0x0 is null
stack at sp + 5 slots: 0x0 is null
stack at sp + 6 slots: 0x0 is null
stack at sp + 7 slots: 0x0000000100000001 is an unknown value


---------------  P R O C E S S  ---------------

Threads class SMR info:
_java_thread_list=0x00007f182077af80, length=16, elements={
0x00007f1820019b80, 0x00007f18201738a0, 0x00007f1820174f20, 0x00007f18201769e0,
0x00007f1820178020, 0x00007f18201795c0, 0x00007f182017b180, 0x00007f182017c840,
0x00007f18201967c0, 0x00007f1784066e70, 0x00007f17840684a0, 0x00007f18201d45a0,
0x00007f177008f960, 0x00007f17800a1cf0, 0x00007f176c001ac0, 0x00007f182077a380
}

Java Threads: ( => current thread )
=>0x00007f1820019b80 JavaThread "main"                              [_thread_in_native, id=3992, stack(0x00007f1824b38000,0x00007f1824c38000) (1024K)]
  0x00007f18201738a0 JavaThread "Reference Handler"          daemon [_thread_blocked, id=4000, stack(0x00007f18003df000,0x00007f18004df000) (1024K)]
  0x00007f1820174f20 JavaThread "Finalizer"                  daemon [_thread_blocked, id=4001, stack(0x00007f18002de000,0x00007f18003de000) (1024K)]
  0x00007f18201769e0 JavaThread "Signal Dispatcher"          daemon [_thread_blocked, id=4002, stack(0x00007f18001dd000,0x00007f18002dd000) (1024K)]
  0x00007f1820178020 JavaThread "Service Thread"             daemon [_thread_blocked, id=4003, stack(0x00007f18000dc000,0x00007f18001dc000) (1024K)]
  0x00007f18201795c0 JavaThread "Monitor Deflation Thread"   daemon [_thread_blocked, id=4004, stack(0x00007f17aaf00000,0x00007f17ab000000) (1024K)]
  0x00007f182017b180 JavaThread "C2 CompilerThread0"         daemon [_thread_blocked, id=4005, stack(0x00007f17aadff000,0x00007f17aaeff000) (1024K)]
  0x00007f182017c840 JavaThread "C1 CompilerThread0"         daemon [_thread_blocked, id=4006, stack(0x00007f17aacfe000,0x00007f17aadfe000) (1024K)]
  0x00007f18201967c0 JavaThread "Common-Cleaner"             daemon [_thread_blocked, id=4007, stack(0x00007f17aabfd000,0x00007f17aacfd000) (1024K)]
  0x00007f1784066e70 JavaThread "C1 CompilerThread1"         daemon [_thread_blocked, id=4008, stack(0x00007f17aaafc000,0x00007f17aabfc000) (1024K)]
  0x00007f17840684a0 JavaThread "C1 CompilerThread2"         daemon [_thread_blocked, id=4009, stack(0x00007f17aa9fb000,0x00007f17aaafb000) (1024K)]
  0x00007f18201d45a0 JavaThread "Notification Thread"        daemon [_thread_blocked, id=4010, stack(0x00007f17aa8fa000,0x00007f17aa9fa000) (1024K)]
  0x00007f177008f960 JavaThread "C1 CompilerThread3"         daemon [_thread_blocked, id=4012, stack(0x00007f17aa7d3000,0x00007f17aa8d3000) (1024K)]
  0x00007f17800a1cf0 JavaThread "C2 CompilerThread1"         daemon [_thread_blocked, id=4013, stack(0x00007f17aa6d2000,0x00007f17aa7d2000) (1024K)]
  0x00007f176c001ac0 JavaThread "C2 CompilerThread2"         daemon [_thread_blocked, id=4015, stack(0x00007f17aa5d1000,0x00007f17aa6d1000) (1024K)]
  0x00007f182077a380 JavaThread "JavaCPP Deallocator"        daemon [_thread_blocked, id=4021, stack(0x00007f17a9d2f000,0x00007f17a9e2f000) (1024K)]
Total: 16

Other Threads:
  0x00007f18201635d0 VMThread "VM Thread"                           [id=3999, stack(0x00007f1800537000,0x00007f1800637000) (1024K)]
  0x00007f1820149130 WatcherThread "VM Periodic Task Thread"        [id=3998, stack(0x00007f1800638000,0x00007f1800738000) (1024K)]
  0x00007f182007ffd0 WorkerThread "GC Thread#0"                     [id=3993, stack(0x00007f1803967000,0x00007f1803a67000) (1024K)]
  0x00007f1798008c00 WorkerThread "GC Thread#1"                     [id=4016, stack(0x00007f17aa4d0000,0x00007f17aa5d0000) (1024K)]
  0x00007f17980096a0 WorkerThread "GC Thread#2"                     [id=4017, stack(0x00007f17aa3cf000,0x00007f17aa4cf000) (1024K)]
  0x00007f179800a180 WorkerThread "GC Thread#3"                     [id=4018, stack(0x00007f17aa2ce000,0x00007f17aa3ce000) (1024K)]
  0x00007f179800ac60 WorkerThread "GC Thread#4"                     [id=4019, stack(0x00007f17aa1cd000,0x00007f17aa2cd000) (1024K)]
  0x00007f1820090580 ConcurrentGCThread "G1 Main Marker"            [id=3994, stack(0x00007f1803866000,0x00007f1803966000) (1024K)]
  0x00007f1820091520 WorkerThread "G1 Conc#0"                       [id=3995, stack(0x00007f1803765000,0x00007f1803865000) (1024K)]
  0x00007f18201365d0 ConcurrentGCThread "G1 Refine#0"               [id=3996, stack(0x00007f1800957000,0x00007f1800a57000) (1024K)]
  0x00007f1820137580 ConcurrentGCThread "G1 Service"                [id=3997, stack(0x00007f1800856000,0x00007f1800956000) (1024K)]
Total: 11

Threads with active compile tasks:
Total: 0

VM state: not at safepoint (normal execution)

VM Mutex/Monitor currently owned by a thread: None

Heap address: 0x0000000710800000, size: 3832 MB, Compressed Oops mode: Zero based, Oop shift amount: 3

CDS archive(s) mapped at: [0x00007f17ab000000-0x00007f17abcae000-0x00007f17abcae000), size 13295616, SharedBaseAddress: 0x00007f17ab000000, ArchiveRelocationMode: 1.
Compressed class space mapped at: 0x00007f17ac000000-0x00007f17ec000000, reserved size: 1073741824
Narrow klass base: 0x00007f17ab000000, Narrow klass shift: 0, Narrow klass range: 0x100000000

GC Precious Log:
 CardTable entry size: 512
 Card Set container configuration: InlinePtr #cards 4 size 8 Array Of Cards #cards 16 size 48 Howl #buckets 8 coarsen threshold 3686 Howl Bitmap #cards 512 size 80 coarsen threshold 460 Card regions per heap region 1 cards per card region 4096
 CPUs: 16 total, 16 available
 Memory: 15322M
 Large Page Support: Disabled
 NUMA Support: Disabled
 Compressed Oops: Enabled (Zero based)
 Heap Region Size: 2M
 Heap Min Capacity: 8M
 Heap Initial Capacity: 240M
 Heap Max Capacity: 3832M
 Pre-touch: Disabled
 Parallel Workers: 13
 Concurrent Workers: 3
 Concurrent Refinement Workers: 13
 Periodic GC: Disabled

Heap:
 garbage-first heap   total 247808K, used 10915K [0x0000000710800000, 0x0000000800000000)
  region size 2048K, 5 young (10240K), 2 survivors (4096K)
 Metaspace       used 11635K, committed 11840K, reserved 1114112K
  class space    used 1291K, committed 1344K, reserved 1048576K

Heap Regions: E=young(eden), S=young(survivor), O=old, HS=humongous(starts), HC=humongous(continues), CS=collection set, F=free, TAMS=top-at-mark-start, PB=parsable bottom
|   0|0x0000000710800000, 0x00000007109a1290, 0x0000000710a00000| 81%| O|  |TAMS 0x0000000710800000| PB 0x0000000710800000| Untracked 
|   1|0x0000000710a00000, 0x0000000710a00000, 0x0000000710c00000|  0%| F|  |TAMS 0x0000000710a00000| PB 0x0000000710a00000| Untracked 
|   2|0x0000000710c00000, 0x0000000710c00000, 0x0000000710e00000|  0%| F|  |TAMS 0x0000000710c00000| PB 0x0000000710c00000| Untracked 
|   3|0x0000000710e00000, 0x0000000710e00000, 0x0000000711000000|  0%| F|  |TAMS 0x0000000710e00000| PB 0x0000000710e00000| Untracked 
|   4|0x0000000711000000, 0x0000000711000000, 0x0000000711200000|  0%| F|  |TAMS 0x0000000711000000| PB 0x0000000711000000| Untracked 
|   5|0x0000000711200000, 0x0000000711200000, 0x0000000711400000|  0%| F|  |TAMS 0x0000000711200000| PB 0x0000000711200000| Untracked 
|   6|0x0000000711400000, 0x0000000711400000, 0x0000000711600000|  0%| F|  |TAMS 0x0000000711400000| PB 0x0000000711400000| Untracked 
|   7|0x0000000711600000, 0x0000000711600000, 0x0000000711800000|  0%| F|  |TAMS 0x0000000711600000| PB 0x0000000711600000| Untracked 
|   8|0x0000000711800000, 0x0000000711800000, 0x0000000711a00000|  0%| F|  |TAMS 0x0000000711800000| PB 0x0000000711800000| Untracked 
|   9|0x0000000711a00000, 0x0000000711a00000, 0x0000000711c00000|  0%| F|  |TAMS 0x0000000711a00000| PB 0x0000000711a00000| Untracked 
|  10|0x0000000711c00000, 0x0000000711c00000, 0x0000000711e00000|  0%| F|  |TAMS 0x0000000711c00000| PB 0x0000000711c00000| Untracked 
|  11|0x0000000711e00000, 0x0000000711e00000, 0x0000000712000000|  0%| F|  |TAMS 0x0000000711e00000| PB 0x0000000711e00000| Untracked 
|  12|0x0000000712000000, 0x0000000712000000, 0x0000000712200000|  0%| F|  |TAMS 0x0000000712000000| PB 0x0000000712000000| Untracked 
|  13|0x0000000712200000, 0x0000000712200000, 0x0000000712400000|  0%| F|  |TAMS 0x0000000712200000| PB 0x0000000712200000| Untracked 
|  14|0x0000000712400000, 0x0000000712400000, 0x0000000712600000|  0%| F|  |TAMS 0x0000000712400000| PB 0x0000000712400000| Untracked 
|  15|0x0000000712600000, 0x0000000712600000, 0x0000000712800000|  0%| F|  |TAMS 0x0000000712600000| PB 0x0000000712600000| Untracked 
|  16|0x0000000712800000, 0x0000000712800000, 0x0000000712a00000|  0%| F|  |TAMS 0x0000000712800000| PB 0x0000000712800000| Untracked 
|  17|0x0000000712a00000, 0x0000000712a00000, 0x0000000712c00000|  0%| F|  |TAMS 0x0000000712a00000| PB 0x0000000712a00000| Untracked 
|  18|0x0000000712c00000, 0x0000000712c00000, 0x0000000712e00000|  0%| F|  |TAMS 0x0000000712c00000| PB 0x0000000712c00000| Untracked 
|  19|0x0000000712e00000, 0x0000000712e00000, 0x0000000713000000|  0%| F|  |TAMS 0x0000000712e00000| PB 0x0000000712e00000| Untracked 
|  20|0x0000000713000000, 0x0000000713000000, 0x0000000713200000|  0%| F|  |TAMS 0x0000000713000000| PB 0x0000000713000000| Untracked 
|  21|0x0000000713200000, 0x0000000713200000, 0x0000000713400000|  0%| F|  |TAMS 0x0000000713200000| PB 0x0000000713200000| Untracked 
|  22|0x0000000713400000, 0x0000000713400000, 0x0000000713600000|  0%| F|  |TAMS 0x0000000713400000| PB 0x0000000713400000| Untracked 
|  23|0x0000000713600000, 0x0000000713600000, 0x0000000713800000|  0%| F|  |TAMS 0x0000000713600000| PB 0x0000000713600000| Untracked 
|  24|0x0000000713800000, 0x0000000713800000, 0x0000000713a00000|  0%| F|  |TAMS 0x0000000713800000| PB 0x0000000713800000| Untracked 
|  25|0x0000000713a00000, 0x0000000713a00000, 0x0000000713c00000|  0%| F|  |TAMS 0x0000000713a00000| PB 0x0000000713a00000| Untracked 
|  26|0x0000000713c00000, 0x0000000713c00000, 0x0000000713e00000|  0%| F|  |TAMS 0x0000000713c00000| PB 0x0000000713c00000| Untracked 
|  27|0x0000000713e00000, 0x0000000713e00000, 0x0000000714000000|  0%| F|  |TAMS 0x0000000713e00000| PB 0x0000000713e00000| Untracked 
|  28|0x0000000714000000, 0x0000000714000000, 0x0000000714200000|  0%| F|  |TAMS 0x0000000714000000| PB 0x0000000714000000| Untracked 
|  29|0x0000000714200000, 0x0000000714200000, 0x0000000714400000|  0%| F|  |TAMS 0x0000000714200000| PB 0x0000000714200000| Untracked 
|  30|0x0000000714400000, 0x0000000714400000, 0x0000000714600000|  0%| F|  |TAMS 0x0000000714400000| PB 0x0000000714400000| Untracked 
|  31|0x0000000714600000, 0x0000000714600000, 0x0000000714800000|  0%| F|  |TAMS 0x0000000714600000| PB 0x0000000714600000| Untracked 
|  32|0x0000000714800000, 0x0000000714800000, 0x0000000714a00000|  0%| F|  |TAMS 0x0000000714800000| PB 0x0000000714800000| Untracked 
|  33|0x0000000714a00000, 0x0000000714a00000, 0x0000000714c00000|  0%| F|  |TAMS 0x0000000714a00000| PB 0x0000000714a00000| Untracked 
|  34|0x0000000714c00000, 0x0000000714c00000, 0x0000000714e00000|  0%| F|  |TAMS 0x0000000714c00000| PB 0x0000000714c00000| Untracked 
|  35|0x0000000714e00000, 0x0000000714e00000, 0x0000000715000000|  0%| F|  |TAMS 0x0000000714e00000| PB 0x0000000714e00000| Untracked 
|  36|0x0000000715000000, 0x0000000715000000, 0x0000000715200000|  0%| F|  |TAMS 0x0000000715000000| PB 0x0000000715000000| Untracked 
|  37|0x0000000715200000, 0x0000000715200000, 0x0000000715400000|  0%| F|  |TAMS 0x0000000715200000| PB 0x0000000715200000| Untracked 
|  38|0x0000000715400000, 0x0000000715400000, 0x0000000715600000|  0%| F|  |TAMS 0x0000000715400000| PB 0x0000000715400000| Untracked 
|  39|0x0000000715600000, 0x0000000715600000, 0x0000000715800000|  0%| F|  |TAMS 0x0000000715600000| PB 0x0000000715600000| Untracked 
|  40|0x0000000715800000, 0x0000000715800000, 0x0000000715a00000|  0%| F|  |TAMS 0x0000000715800000| PB 0x0000000715800000| Untracked 
|  41|0x0000000715a00000, 0x0000000715a00000, 0x0000000715c00000|  0%| F|  |TAMS 0x0000000715a00000| PB 0x0000000715a00000| Untracked 
|  42|0x0000000715c00000, 0x0000000715c00000, 0x0000000715e00000|  0%| F|  |TAMS 0x0000000715c00000| PB 0x0000000715c00000| Untracked 
|  43|0x0000000715e00000, 0x0000000715e00000, 0x0000000716000000|  0%| F|  |TAMS 0x0000000715e00000| PB 0x0000000715e00000| Untracked 
|  44|0x0000000716000000, 0x0000000716000000, 0x0000000716200000|  0%| F|  |TAMS 0x0000000716000000| PB 0x0000000716000000| Untracked 
|  45|0x0000000716200000, 0x0000000716200000, 0x0000000716400000|  0%| F|  |TAMS 0x0000000716200000| PB 0x0000000716200000| Untracked 
|  46|0x0000000716400000, 0x0000000716400000, 0x0000000716600000|  0%| F|  |TAMS 0x0000000716400000| PB 0x0000000716400000| Untracked 
|  47|0x0000000716600000, 0x0000000716600000, 0x0000000716800000|  0%| F|  |TAMS 0x0000000716600000| PB 0x0000000716600000| Untracked 
|  48|0x0000000716800000, 0x0000000716800000, 0x0000000716a00000|  0%| F|  |TAMS 0x0000000716800000| PB 0x0000000716800000| Untracked 
|  49|0x0000000716a00000, 0x0000000716a00000, 0x0000000716c00000|  0%| F|  |TAMS 0x0000000716a00000| PB 0x0000000716a00000| Untracked 
|  50|0x0000000716c00000, 0x0000000716c00000, 0x0000000716e00000|  0%| F|  |TAMS 0x0000000716c00000| PB 0x0000000716c00000| Untracked 
|  51|0x0000000716e00000, 0x0000000716e00000, 0x0000000717000000|  0%| F|  |TAMS 0x0000000716e00000| PB 0x0000000716e00000| Untracked 
|  52|0x0000000717000000, 0x0000000717000000, 0x0000000717200000|  0%| F|  |TAMS 0x0000000717000000| PB 0x0000000717000000| Untracked 
|  53|0x0000000717200000, 0x0000000717200000, 0x0000000717400000|  0%| F|  |TAMS 0x0000000717200000| PB 0x0000000717200000| Untracked 
|  54|0x0000000717400000, 0x0000000717400000, 0x0000000717600000|  0%| F|  |TAMS 0x0000000717400000| PB 0x0000000717400000| Untracked 
|  55|0x0000000717600000, 0x0000000717600000, 0x0000000717800000|  0%| F|  |TAMS 0x0000000717600000| PB 0x0000000717600000| Untracked 
|  56|0x0000000717800000, 0x0000000717800000, 0x0000000717a00000|  0%| F|  |TAMS 0x0000000717800000| PB 0x0000000717800000| Untracked 
|  57|0x0000000717a00000, 0x0000000717a00000, 0x0000000717c00000|  0%| F|  |TAMS 0x0000000717a00000| PB 0x0000000717a00000| Untracked 
|  58|0x0000000717c00000, 0x0000000717c00000, 0x0000000717e00000|  0%| F|  |TAMS 0x0000000717c00000| PB 0x0000000717c00000| Untracked 
|  59|0x0000000717e00000, 0x0000000717e00000, 0x0000000718000000|  0%| F|  |TAMS 0x0000000717e00000| PB 0x0000000717e00000| Untracked 
|  60|0x0000000718000000, 0x0000000718000000, 0x0000000718200000|  0%| F|  |TAMS 0x0000000718000000| PB 0x0000000718000000| Untracked 
|  61|0x0000000718200000, 0x0000000718200000, 0x0000000718400000|  0%| F|  |TAMS 0x0000000718200000| PB 0x0000000718200000| Untracked 
|  62|0x0000000718400000, 0x0000000718400000, 0x0000000718600000|  0%| F|  |TAMS 0x0000000718400000| PB 0x0000000718400000| Untracked 
|  63|0x0000000718600000, 0x0000000718600000, 0x0000000718800000|  0%| F|  |TAMS 0x0000000718600000| PB 0x0000000718600000| Untracked 
|  64|0x0000000718800000, 0x0000000718800000, 0x0000000718a00000|  0%| F|  |TAMS 0x0000000718800000| PB 0x0000000718800000| Untracked 
|  65|0x0000000718a00000, 0x0000000718a00000, 0x0000000718c00000|  0%| F|  |TAMS 0x0000000718a00000| PB 0x0000000718a00000| Untracked 
|  66|0x0000000718c00000, 0x0000000718c00000, 0x0000000718e00000|  0%| F|  |TAMS 0x0000000718c00000| PB 0x0000000718c00000| Untracked 
|  67|0x0000000718e00000, 0x0000000718e00000, 0x0000000719000000|  0%| F|  |TAMS 0x0000000718e00000| PB 0x0000000718e00000| Untracked 
|  68|0x0000000719000000, 0x0000000719000000, 0x0000000719200000|  0%| F|  |TAMS 0x0000000719000000| PB 0x0000000719000000| Untracked 
|  69|0x0000000719200000, 0x0000000719200000, 0x0000000719400000|  0%| F|  |TAMS 0x0000000719200000| PB 0x0000000719200000| Untracked 
|  70|0x0000000719400000, 0x0000000719400000, 0x0000000719600000|  0%| F|  |TAMS 0x0000000719400000| PB 0x0000000719400000| Untracked 
|  71|0x0000000719600000, 0x0000000719600000, 0x0000000719800000|  0%| F|  |TAMS 0x0000000719600000| PB 0x0000000719600000| Untracked 
|  72|0x0000000719800000, 0x0000000719800000, 0x0000000719a00000|  0%| F|  |TAMS 0x0000000719800000| PB 0x0000000719800000| Untracked 
|  73|0x0000000719a00000, 0x0000000719a00000, 0x0000000719c00000|  0%| F|  |TAMS 0x0000000719a00000| PB 0x0000000719a00000| Untracked 
|  74|0x0000000719c00000, 0x0000000719c00000, 0x0000000719e00000|  0%| F|  |TAMS 0x0000000719c00000| PB 0x0000000719c00000| Untracked 
|  75|0x0000000719e00000, 0x0000000719e00000, 0x000000071a000000|  0%| F|  |TAMS 0x0000000719e00000| PB 0x0000000719e00000| Untracked 
|  76|0x000000071a000000, 0x000000071a000000, 0x000000071a200000|  0%| F|  |TAMS 0x000000071a000000| PB 0x000000071a000000| Untracked 
|  77|0x000000071a200000, 0x000000071a200000, 0x000000071a400000|  0%| F|  |TAMS 0x000000071a200000| PB 0x000000071a200000| Untracked 
|  78|0x000000071a400000, 0x000000071a400000, 0x000000071a600000|  0%| F|  |TAMS 0x000000071a400000| PB 0x000000071a400000| Untracked 
|  79|0x000000071a600000, 0x000000071a600000, 0x000000071a800000|  0%| F|  |TAMS 0x000000071a600000| PB 0x000000071a600000| Untracked 
|  80|0x000000071a800000, 0x000000071a800000, 0x000000071aa00000|  0%| F|  |TAMS 0x000000071a800000| PB 0x000000071a800000| Untracked 
|  81|0x000000071aa00000, 0x000000071aa00000, 0x000000071ac00000|  0%| F|  |TAMS 0x000000071aa00000| PB 0x000000071aa00000| Untracked 
|  82|0x000000071ac00000, 0x000000071ac00000, 0x000000071ae00000|  0%| F|  |TAMS 0x000000071ac00000| PB 0x000000071ac00000| Untracked 
|  83|0x000000071ae00000, 0x000000071ae00000, 0x000000071b000000|  0%| F|  |TAMS 0x000000071ae00000| PB 0x000000071ae00000| Untracked 
|  84|0x000000071b000000, 0x000000071b000000, 0x000000071b200000|  0%| F|  |TAMS 0x000000071b000000| PB 0x000000071b000000| Untracked 
|  85|0x000000071b200000, 0x000000071b200000, 0x000000071b400000|  0%| F|  |TAMS 0x000000071b200000| PB 0x000000071b200000| Untracked 
|  86|0x000000071b400000, 0x000000071b400000, 0x000000071b600000|  0%| F|  |TAMS 0x000000071b400000| PB 0x000000071b400000| Untracked 
|  87|0x000000071b600000, 0x000000071b600000, 0x000000071b800000|  0%| F|  |TAMS 0x000000071b600000| PB 0x000000071b600000| Untracked 
|  88|0x000000071b800000, 0x000000071b800000, 0x000000071ba00000|  0%| F|  |TAMS 0x000000071b800000| PB 0x000000071b800000| Untracked 
|  89|0x000000071ba00000, 0x000000071ba00000, 0x000000071bc00000|  0%| F|  |TAMS 0x000000071ba00000| PB 0x000000071ba00000| Untracked 
|  90|0x000000071bc00000, 0x000000071bc00000, 0x000000071be00000|  0%| F|  |TAMS 0x000000071bc00000| PB 0x000000071bc00000| Untracked 
|  91|0x000000071be00000, 0x000000071be00000, 0x000000071c000000|  0%| F|  |TAMS 0x000000071be00000| PB 0x000000071be00000| Untracked 
|  92|0x000000071c000000, 0x000000071c000000, 0x000000071c200000|  0%| F|  |TAMS 0x000000071c000000| PB 0x000000071c000000| Untracked 
|  93|0x000000071c200000, 0x000000071c200000, 0x000000071c400000|  0%| F|  |TAMS 0x000000071c200000| PB 0x000000071c200000| Untracked 
|  94|0x000000071c400000, 0x000000071c400000, 0x000000071c600000|  0%| F|  |TAMS 0x000000071c400000| PB 0x000000071c400000| Untracked 
|  95|0x000000071c600000, 0x000000071c600000, 0x000000071c800000|  0%| F|  |TAMS 0x000000071c600000| PB 0x000000071c600000| Untracked 
|  96|0x000000071c800000, 0x000000071c800000, 0x000000071ca00000|  0%| F|  |TAMS 0x000000071c800000| PB 0x000000071c800000| Untracked 
|  97|0x000000071ca00000, 0x000000071ca00000, 0x000000071cc00000|  0%| F|  |TAMS 0x000000071ca00000| PB 0x000000071ca00000| Untracked 
|  98|0x000000071cc00000, 0x000000071cc00000, 0x000000071ce00000|  0%| F|  |TAMS 0x000000071cc00000| PB 0x000000071cc00000| Untracked 
|  99|0x000000071ce00000, 0x000000071ce00000, 0x000000071d000000|  0%| F|  |TAMS 0x000000071ce00000| PB 0x000000071ce00000| Untracked 
| 100|0x000000071d000000, 0x000000071d000000, 0x000000071d200000|  0%| F|  |TAMS 0x000000071d000000| PB 0x000000071d000000| Untracked 
| 101|0x000000071d200000, 0x000000071d200000, 0x000000071d400000|  0%| F|  |TAMS 0x000000071d200000| PB 0x000000071d200000| Untracked 
| 102|0x000000071d400000, 0x000000071d400000, 0x000000071d600000|  0%| F|  |TAMS 0x000000071d400000| PB 0x000000071d400000| Untracked 
| 103|0x000000071d600000, 0x000000071d600000, 0x000000071d800000|  0%| F|  |TAMS 0x000000071d600000| PB 0x000000071d600000| Untracked 
| 104|0x000000071d800000, 0x000000071d800000, 0x000000071da00000|  0%| F|  |TAMS 0x000000071d800000| PB 0x000000071d800000| Untracked 
| 105|0x000000071da00000, 0x000000071da00000, 0x000000071dc00000|  0%| F|  |TAMS 0x000000071da00000| PB 0x000000071da00000| Untracked 
| 106|0x000000071dc00000, 0x000000071dc00000, 0x000000071de00000|  0%| F|  |TAMS 0x000000071dc00000| PB 0x000000071dc00000| Untracked 
| 107|0x000000071de00000, 0x000000071e000000, 0x000000071e000000|100%| S|CS|TAMS 0x000000071de00000| PB 0x000000071de00000| Complete 
| 108|0x000000071e000000, 0x000000071e200000, 0x000000071e200000|100%| S|CS|TAMS 0x000000071e000000| PB 0x000000071e000000| Complete 
| 109|0x000000071e200000, 0x000000071e200000, 0x000000071e400000|  0%| F|  |TAMS 0x000000071e200000| PB 0x000000071e200000| Untracked 
| 110|0x000000071e400000, 0x000000071e400000, 0x000000071e600000|  0%| F|  |TAMS 0x000000071e400000| PB 0x000000071e400000| Untracked 
| 111|0x000000071e600000, 0x000000071e600000, 0x000000071e800000|  0%| F|  |TAMS 0x000000071e600000| PB 0x000000071e600000| Untracked 
| 112|0x000000071e800000, 0x000000071e800000, 0x000000071ea00000|  0%| F|  |TAMS 0x000000071e800000| PB 0x000000071e800000| Untracked 
| 113|0x000000071ea00000, 0x000000071ea00000, 0x000000071ec00000|  0%| F|  |TAMS 0x000000071ea00000| PB 0x000000071ea00000| Untracked 
| 114|0x000000071ec00000, 0x000000071ec00000, 0x000000071ee00000|  0%| F|  |TAMS 0x000000071ec00000| PB 0x000000071ec00000| Untracked 
| 115|0x000000071ee00000, 0x000000071ee00000, 0x000000071f000000|  0%| F|  |TAMS 0x000000071ee00000| PB 0x000000071ee00000| Untracked 
| 116|0x000000071f000000, 0x000000071f000000, 0x000000071f200000|  0%| F|  |TAMS 0x000000071f000000| PB 0x000000071f000000| Untracked 
| 117|0x000000071f200000, 0x000000071f2a51f8, 0x000000071f400000| 32%| E|  |TAMS 0x000000071f200000| PB 0x000000071f200000| Complete 
| 118|0x000000071f400000, 0x000000071f600000, 0x000000071f600000|100%| E|CS|TAMS 0x000000071f400000| PB 0x000000071f400000| Complete 
| 119|0x000000071f600000, 0x000000071f800000, 0x000000071f800000|100%| E|CS|TAMS 0x000000071f600000| PB 0x000000071f600000| Complete 
|1915|0x00000007ffe00000, 0x00000007fff079d8, 0x0000000800000000| 51%| O|  |TAMS 0x00000007ffe00000| PB 0x00000007ffe00000| Untracked 

Card table byte_map: [0x00007f18076ff000,0x00007f1807e7b000] _byte_map_base: 0x00007f1803e7b000

Marking Bits: (CMBitMap*) 0x00007f1820080af0
 Bits: [0x00007f1803b1f000, 0x00007f18076ff000)

Polling page: 0x00007f1826702000

Metaspace:

Usage:
  Non-class:     10.10 MB used.
      Class:      1.26 MB used.
       Both:     11.36 MB used.

Virtual space:
  Non-class space:       64.00 MB reserved,      10.25 MB ( 16%) committed,  1 nodes.
      Class space:        1.00 GB reserved,       1.31 MB ( <1%) committed,  1 nodes.
             Both:        1.06 GB reserved,      11.56 MB (  1%) committed. 

Chunk freelists:
   Non-Class:  4.42 MB
       Class:  14.70 MB
        Both:  19.12 MB

MaxMetaspaceSize: unlimited
CompressedClassSpaceSize: 1.00 GB
Initial GC threshold: 21.00 MB
Current GC threshold: 21.00 MB
CDS: on
 - commit_granule_bytes: 65536.
 - commit_granule_words: 8192.
 - virtual_space_node_default_size: 8388608.
 - enlarge_chunks_in_place: 1.
 - use_allocation_guard: 0.


Internal statistics:

num_allocs_failed_limit: 0.
num_arena_births: 88.
num_arena_deaths: 0.
num_vsnodes_births: 2.
num_vsnodes_deaths: 0.
num_space_committed: 185.
num_space_uncommitted: 0.
num_chunks_returned_to_freelist: 0.
num_chunks_taken_from_freelist: 450.
num_chunk_merges: 0.
num_chunk_splits: 327.
num_chunks_enlarged: 260.
num_inconsistent_stats: 0.

CodeHeap 'non-profiled nmethods': size=119168Kb used=649Kb max_used=649Kb free=118518Kb
 bounds [0x00007f181059b000, 0x00007f181080b000, 0x00007f18179fb000]
CodeHeap 'profiled nmethods': size=119164Kb used=3658Kb max_used=3658Kb free=115505Kb
 bounds [0x00007f18089fb000, 0x00007f1808d9b000, 0x00007f180fe5a000]
CodeHeap 'non-nmethods': size=7428Kb used=3226Kb max_used=3264Kb free=4201Kb
 bounds [0x00007f180fe5a000, 0x00007f181019a000, 0x00007f181059b000]
 total_blobs=2466 nmethods=1947 adapters=421
 compilation: enabled
              stopped_count=0, restarted_count=0
 full_count=0

Compilation events (20 events):
Event: 0.805 Thread 0x00007f1784066e70 nmethod 1937 0x00007f1808d86c90 code [0x00007f1808d86ea0, 0x00007f1808d875b0]
Event: 0.805 Thread 0x00007f17840684a0 1940       3       java.util.zip.ZipFile$Source::getEntryHash (7 bytes)
Event: 0.806 Thread 0x00007f177008f960 nmethod 1939 0x00007f1808d87990 code [0x00007f1808d87bc0, 0x00007f1808d883f8]
Event: 0.806 Thread 0x00007f17840684a0 nmethod 1940 0x00007f1808d88710 code [0x00007f1808d888a0, 0x00007f1808d889d0]
Event: 0.806 Thread 0x00007f177008f960 1941       3       sun.net.www.ParseUtil::firstEncodeIndex (86 bytes)
Event: 0.806 Thread 0x00007f177008f960 nmethod 1941 0x00007f1808d88a90 code [0x00007f1808d88cc0, 0x00007f1808d89660]
Event: 0.807 Thread 0x00007f17840684a0 1942   !   3       org.bytedeco.javacpp.Loader::putMemberOffset (97 bytes)
Event: 0.807 Thread 0x00007f176c001ac0 1943       4       java.lang.String::lastIndexOf (12 bytes)
Event: 0.807 Thread 0x00007f177008f960 1944       3       java.util.zip.ZipUtils::CENLEN (9 bytes)
Event: 0.807 Thread 0x00007f177008f960 nmethod 1944 0x00007f1808d89a10 code [0x00007f1808d89bc0, 0x00007f1808d89e88]
Event: 0.808 Thread 0x00007f17840684a0 nmethod 1942 0x00007f1808d8a010 code [0x00007f1808d8a3e0, 0x00007f1808d8ba58]
Event: 0.808 Thread 0x00007f182017b180 1945       4       java.util.Objects::requireNonNull (15 bytes)
Event: 0.808 Thread 0x00007f182017b180 nmethod 1945 0x00007f181063cb90 code [0x00007f181063cd00, 0x00007f181063cd88]
Event: 0.809 Thread 0x00007f176c001ac0 nmethod 1943 0x00007f181063ce90 code [0x00007f181063d020, 0x00007f181063d280]
Event: 0.810 Thread 0x00007f182017c840 1946       3       java.util.WeakHashMap::get (75 bytes)
Event: 0.810 Thread 0x00007f182017c840 nmethod 1946 0x00007f1808d8c410 code [0x00007f1808d8c640, 0x00007f1808d8cef0]
Event: 0.812 Thread 0x00007f1784066e70 1947       3       java.util.jar.JarFile::maybeInstantiateVerifier (42 bytes)
Event: 0.812 Thread 0x00007f1784066e70 nmethod 1947 0x00007f1808d8d290 code [0x00007f1808d8d460, 0x00007f1808d8d7e0]
Event: 0.813 Thread 0x00007f17840684a0 1948       1       java.lang.String::value (5 bytes)
Event: 0.814 Thread 0x00007f17840684a0 nmethod 1948 0x00007f181063d410 code [0x00007f181063d5a0, 0x00007f181063d668]

GC Heap History (2 events):
Event: 0.603 GC heap before
{Heap before GC invocations=0 (full 0):
 garbage-first heap   total 247808K, used 23582K [0x0000000710800000, 0x0000000800000000)
  region size 2048K, 11 young (22528K), 0 survivors (0K)
 Metaspace       used 9654K, committed 9856K, reserved 1114112K
  class space    used 1072K, committed 1152K, reserved 1048576K
}
Event: 0.610 GC heap after
{Heap after GC invocations=1 (full 0):
 garbage-first heap   total 247808K, used 6819K [0x0000000710800000, 0x0000000800000000)
  region size 2048K, 2 young (4096K), 2 survivors (4096K)
 Metaspace       used 9654K, committed 9856K, reserved 1114112K
  class space    used 1072K, committed 1152K, reserved 1048576K
}

Dll operation events (7 events):
Event: 0.003 Loaded shared library /usr/lib/jvm/java-21-openjdk-amd64/lib/libjava.so
Event: 0.025 Loaded shared library /usr/lib/jvm/java-21-openjdk-amd64/lib/libjsvml.so
Event: 0.067 Loaded shared library /usr/lib/jvm/java-21-openjdk-amd64/lib/libnio.so
Event: 0.068 Loaded shared library /usr/lib/jvm/java-21-openjdk-amd64/lib/libjimage.so
Event: 0.078 Loaded shared library /usr/lib/jvm/java-21-openjdk-amd64/lib/libnet.so
Event: 0.128 Loaded shared library /usr/lib/jvm/java-21-openjdk-amd64/lib/libzip.so
Event: 0.763 Loaded shared library /home/zbrotherton/.javacpp/cache/jaylib-5.0.0-0.jar/com/raylib/linux-x86_64/libjniRaylib.so

Deoptimization events (20 events):
Event: 0.700 Thread 0x00007f1820019b80 Uncommon trap: trap_request=0xffffffde fr.pc=0x00007f181060fc7c relative=0x00000000000001bc
Event: 0.700 Thread 0x00007f1820019b80 Uncommon trap: reason=class_check action=maybe_recompile pc=0x00007f181060fc7c method=java.util.regex.Matcher.match(II)Z @ 121 c2
Event: 0.700 Thread 0x00007f1820019b80 DEOPT PACKING pc=0x00007f181060fc7c sp=0x00007f1824c357f0
Event: 0.700 Thread 0x00007f1820019b80 DEOPT UNPACKING pc=0x00007f180feb1619 sp=0x00007f1824c35788 mode 2
Event: 0.775 Thread 0x00007f1820019b80 Uncommon trap: trap_request=0xffffffc6 fr.pc=0x00007f18105cc100 relative=0x00000000000003a0
Event: 0.775 Thread 0x00007f1820019b80 Uncommon trap: reason=bimorphic_or_optimized_type_check action=maybe_recompile pc=0x00007f18105cc100 method=java.util.concurrent.ConcurrentHashMap.get(Ljava/lang/Object;)Ljava/lang/Object; @ 149 c2
Event: 0.775 Thread 0x00007f1820019b80 DEOPT PACKING pc=0x00007f18105cc100 sp=0x00007f1824c34170
Event: 0.775 Thread 0x00007f1820019b80 DEOPT UNPACKING pc=0x00007f180feb1619 sp=0x00007f1824c34110 mode 2
Event: 0.776 Thread 0x00007f1820019b80 Uncommon trap: trap_request=0xffffffc6 fr.pc=0x00007f18105cc100 relative=0x00000000000003a0
Event: 0.776 Thread 0x00007f1820019b80 Uncommon trap: reason=bimorphic_or_optimized_type_check action=maybe_recompile pc=0x00007f18105cc100 method=java.util.concurrent.ConcurrentHashMap.get(Ljava/lang/Object;)Ljava/lang/Object; @ 149 c2
Event: 0.776 Thread 0x00007f1820019b80 DEOPT PACKING pc=0x00007f18105cc100 sp=0x00007f1824c34240
Event: 0.776 Thread 0x00007f1820019b80 DEOPT UNPACKING pc=0x00007f180feb1619 sp=0x00007f1824c341e0 mode 2
Event: 0.778 Thread 0x00007f1820019b80 Uncommon trap: trap_request=0xffffff45 fr.pc=0x00007f18105c1700 relative=0x00000000000004c0
Event: 0.778 Thread 0x00007f1820019b80 Uncommon trap: reason=unstable_if action=reinterpret pc=0x00007f18105c1700 method=jdk.internal.jimage.ImageStringsReader.stringFromByteBufferMatches(Ljava/nio/ByteBuffer;ILjava/lang/String;I)I @ 48 c2
Event: 0.778 Thread 0x00007f1820019b80 DEOPT PACKING pc=0x00007f18105c1700 sp=0x00007f1824c33f50
Event: 0.778 Thread 0x00007f1820019b80 DEOPT UNPACKING pc=0x00007f180feb1619 sp=0x00007f1824c33ee8 mode 2
Event: 0.813 Thread 0x00007f1820019b80 Uncommon trap: trap_request=0xffffff45 fr.pc=0x00007f18105fce68 relative=0x0000000000000148
Event: 0.813 Thread 0x00007f1820019b80 Uncommon trap: reason=unstable_if action=reinterpret pc=0x00007f18105fce68 method=java.lang.StringLatin1.lastIndexOf([BI[BII)I @ 86 c2
Event: 0.813 Thread 0x00007f1820019b80 DEOPT PACKING pc=0x00007f18105fce68 sp=0x00007f1824c35820
Event: 0.813 Thread 0x00007f1820019b80 DEOPT UNPACKING pc=0x00007f180feb1619 sp=0x00007f1824c35798 mode 2

Classes loaded (20 events):
Event: 0.761 Loading class java/io/FileOutputStream$1
Event: 0.761 Loading class java/io/FileOutputStream$1 done
Event: 0.777 Loading class java/lang/Class$1
Event: 0.777 Loading class java/lang/Class$1 done
Event: 0.777 Loading class java/lang/ProcessEnvironment
Event: 0.777 Loading class java/lang/ProcessEnvironment done
Event: 0.777 Loading class java/lang/ProcessEnvironment$Variable
Event: 0.777 Loading class java/lang/ProcessEnvironment$ExternalData
Event: 0.777 Loading class java/lang/ProcessEnvironment$ExternalData done
Event: 0.777 Loading class java/lang/ProcessEnvironment$Variable done
Event: 0.777 Loading class java/lang/ProcessImpl
Event: 0.777 Loading class java/lang/Process
Event: 0.778 Loading class java/lang/Process done
Event: 0.778 Loading class java/lang/ProcessImpl done
Event: 0.778 Loading class java/lang/ProcessImpl$LaunchMechanism
Event: 0.778 Loading class java/lang/ProcessImpl$LaunchMechanism done
Event: 0.778 Loading class java/lang/ProcessEnvironment$Value
Event: 0.778 Loading class java/lang/ProcessEnvironment$Value done
Event: 0.778 Loading class java/lang/ProcessEnvironment$StringEnvironment
Event: 0.778 Loading class java/lang/ProcessEnvironment$StringEnvironment done

Classes unloaded (0 events):
No events

Classes redefined (0 events):
No events

Internal exceptions (20 events):
Event: 0.147 Thread 0x00007f1820019b80 Exception <a 'java/lang/NoSuchMethodError'{0x000000071f54f468}: 'void java.lang.invoke.DirectMethodHandle$Holder.invokeSpecial(java.lang.Object, java.lang.Object, java.lang.Object)'> (0x000000071f54f468) 
thrown [./src/hotspot/share/interpreter/linkResolver.cpp, line 772]
Event: 0.164 Thread 0x00007f1820019b80 Exception <a 'java/lang/NoSuchMethodError'{0x000000071f592960}: 'void java.lang.invoke.DirectMethodHandle$Holder.invokeStatic(java.lang.Object, java.lang.Object)'> (0x000000071f592960) 
thrown [./src/hotspot/share/interpreter/linkResolver.cpp, line 772]
Event: 0.167 Thread 0x00007f1820019b80 Exception <a 'java/lang/NoSuchMethodError'{0x000000071f5a37c8}: 'int java.lang.invoke.DirectMethodHandle$Holder.invokeVirtual(java.lang.Object, java.lang.Object, java.lang.Object)'> (0x000000071f5a37c8) 
thrown [./src/hotspot/share/interpreter/linkResolver.cpp, line 772]
Event: 0.167 Thread 0x00007f1820019b80 Exception <a 'java/lang/NoSuchMethodError'{0x000000071f5a9460}: 'void java.lang.invoke.DirectMethodHandle$Holder.invokeInterface(java.lang.Object, java.lang.Object, java.lang.Object)'> (0x000000071f5a9460) 
thrown [./src/hotspot/share/interpreter/linkResolver.cpp, line 772]
Event: 0.216 Thread 0x00007f1820019b80 Exception <a 'java/lang/NoSuchMethodError'{0x000000071f2b16e8}: 'int java.lang.invoke.DirectMethodHandle$Holder.invokeStaticInit(java.lang.Object, java.lang.Object)'> (0x000000071f2b16e8) 
thrown [./src/hotspot/share/interpreter/linkResolver.cpp, line 772]
Event: 0.258 Thread 0x00007f1820019b80 Exception <a 'java/lang/NoSuchMethodError'{0x000000071f3d1cc8}: 'int java.lang.invoke.DirectMethodHandle$Holder.invokeVirtual(java.lang.Object, java.lang.Object)'> (0x000000071f3d1cc8) 
thrown [./src/hotspot/share/interpreter/linkResolver.cpp, line 772]
Event: 0.263 Thread 0x00007f1820019b80 Exception <a 'java/lang/NoSuchMethodError'{0x000000071f3f3e08}: 'java.lang.Object java.lang.invoke.DirectMethodHandle$Holder.newInvokeSpecial(java.lang.Object, java.lang.Object, java.lang.Object, java.lang.Object, java.lang.Object)'> (0x000000071f3f3e08) 
thrown [./src/hotspot/share/interpreter/linkResolver.cpp, line 772]
Event: 0.265 Thread 0x00007f1820019b80 Exception <a 'java/lang/NoSuchMethodError'{0x000000071f001680}: 'java.lang.Object java.lang.invoke.DirectMethodHandle$Holder.newInvokeSpecial(java.lang.Object, java.lang.Object, java.lang.Object, java.lang.Object, java.lang.Object, java.lang.Object)'> (0x000000071f001680) 
thrown [./src/hotspot/share/interpreter/linkResolver.cpp, line 772]
Event: 0.285 Thread 0x00007f1820019b80 Exception <a 'java/lang/NoSuchMethodError'{0x000000071f059ca0}: 'java.lang.Object java.lang.invoke.DirectMethodHandle$Holder.invokeVirtual(java.lang.Object, java.lang.Object, java.lang.Object)'> (0x000000071f059ca0) 
thrown [./src/hotspot/share/interpreter/linkResolver.cpp, line 772]
Event: 0.287 Thread 0x00007f1820019b80 Exception <a 'java/lang/NoSuchMethodError'{0x000000071f062e88}: 'int java.lang.invoke.DirectMethodHandle$Holder.invokeInterface(java.lang.Object, java.lang.Object)'> (0x000000071f062e88) 
thrown [./src/hotspot/share/interpreter/linkResolver.cpp, line 772]
Event: 0.344 Thread 0x00007f1820019b80 Exception <a 'java/lang/NoSuchMethodError'{0x000000071f16e1e0}: 'java.lang.Object java.lang.invoke.DirectMethodHandle$Holder.invokeSpecial(java.lang.Object, java.lang.Object, java.lang.Object, int, int)'> (0x000000071f16e1e0) 
thrown [./src/hotspot/share/interpreter/linkResolver.cpp, line 772]
Event: 0.345 Thread 0x00007f1820019b80 Exception <a 'java/lang/NoSuchMethodError'{0x000000071f174548}: 'java.lang.Object java.lang.invoke.DirectMethodHandle$Holder.invokeVirtual(java.lang.Object, java.lang.Object, int)'> (0x000000071f174548) 
thrown [./src/hotspot/share/interpreter/linkResolver.cpp, line 772]
Event: 0.413 Thread 0x00007f1820019b80 Exception <a 'java/lang/NoSuchMethodError'{0x000000071ef8b2b8}: 'java.lang.Object java.lang.invoke.DirectMethodHandle$Holder.invokeStatic(java.lang.Object, int, java.lang.Object)'> (0x000000071ef8b2b8) 
thrown [./src/hotspot/share/interpreter/linkResolver.cpp, line 772]
Event: 0.468 Thread 0x00007f1820019b80 Exception <a 'java/lang/NoSuchMethodError'{0x000000071ebc6d68}: 'int java.lang.invoke.DirectMethodHandle$Holder.invokeSpecial(java.lang.Object, java.lang.Object, java.lang.Object)'> (0x000000071ebc6d68) 
thrown [./src/hotspot/share/interpreter/linkResolver.cpp, line 772]
Event: 0.482 Thread 0x00007f1820019b80 Exception <a 'java/lang/NoSuchMethodError'{0x000000071e817300}: 'java.lang.Object java.lang.invoke.DirectMethodHandle$Holder.invokeVirtual(java.lang.Object, java.lang.Object, java.lang.Object, int, int)'> (0x000000071e817300) 
thrown [./src/hotspot/share/interpreter/linkResolver.cpp, line 772]
Event: 0.525 Thread 0x00007f1820019b80 Exception <a 'java/lang/NoSuchMethodError'{0x000000071e7ec258}: 'java.lang.Object java.lang.invoke.DirectMethodHandle$Holder.invokeInterface(java.lang.Object, java.lang.Object)'> (0x000000071e7ec258) 
thrown [./src/hotspot/share/interpreter/linkResolver.cpp, line 772]
Event: 0.666 Thread 0x00007f1820019b80 Exception <a 'java/lang/NoSuchMethodError'{0x000000071f48dda0}: 'int java.lang.invoke.DirectMethodHandle$Holder.invokeStatic(java.lang.Object, java.lang.Object, java.lang.Object, java.lang.Object)'> (0x000000071f48dda0) 
thrown [./src/hotspot/share/interpreter/linkResolver.cpp, line 772]
Event: 0.667 Thread 0x00007f1820019b80 Exception <a 'java/lang/NoSuchMethodError'{0x000000071f491088}: 'int java.lang.invoke.DirectMethodHandle$Holder.invokeStaticInit(java.lang.Object, java.lang.Object, java.lang.Object, java.lang.Object)'> (0x000000071f491088) 
thrown [./src/hotspot/share/interpreter/linkResolver.cpp, line 772]
Event: 0.667 Thread 0x00007f1820019b80 Exception <a 'java/lang/IncompatibleClassChangeError'{0x000000071f499230}: Found class java.lang.Object, but interface was expected> (0x000000071f499230) 
thrown [./src/hotspot/share/interpreter/linkResolver.cpp, line 840]
Event: 0.667 Thread 0x00007f1820019b80 Exception <a 'java/lang/NoSuchMethodError'{0x000000071f49bc68}: 'void java.lang.invoke.DirectMethodHandle$Holder.invokeStaticInit(java.lang.Object, java.lang.Object)'> (0x000000071f49bc68) 
thrown [./src/hotspot/share/interpreter/linkResolver.cpp, line 772]

ZGC Phase Switch (0 events):
No events

VM Operations (20 events):
Event: 0.289 Executing VM operation: HandshakeAllThreads (Deoptimize)
Event: 0.289 Executing VM operation: HandshakeAllThreads (Deoptimize) done
Event: 0.321 Executing VM operation: HandshakeAllThreads (Deoptimize)
Event: 0.321 Executing VM operation: HandshakeAllThreads (Deoptimize) done
Event: 0.411 Executing VM operation: ICBufferFull
Event: 0.411 Executing VM operation: ICBufferFull done
Event: 0.514 Executing VM operation: ICBufferFull
Event: 0.514 Executing VM operation: ICBufferFull done
Event: 0.528 Executing VM operation: HandshakeAllThreads (Deoptimize)
Event: 0.528 Executing VM operation: HandshakeAllThreads (Deoptimize) done
Event: 0.576 Executing VM operation: HandshakeAllThreads (Deoptimize)
Event: 0.576 Executing VM operation: HandshakeAllThreads (Deoptimize) done
Event: 0.603 Executing VM operation: G1CollectForAllocation (G1 Evacuation Pause)
Event: 0.610 Executing VM operation: G1CollectForAllocation (G1 Evacuation Pause) done
Event: 0.651 Executing VM operation: HandshakeAllThreads (Deoptimize)
Event: 0.651 Executing VM operation: HandshakeAllThreads (Deoptimize) done
Event: 0.684 Executing VM operation: HandshakeAllThreads (Deoptimize)
Event: 0.684 Executing VM operation: HandshakeAllThreads (Deoptimize) done
Event: 0.696 Executing VM operation: HandshakeAllThreads (Deoptimize)
Event: 0.696 Executing VM operation: HandshakeAllThreads (Deoptimize) done

Memory protections (16 events):
Event: 0.003 Protecting memory [0x00007f1824b38000,0x00007f1824b3c000] with protection modes 0
Event: 0.022 Protecting memory [0x00007f18003df000,0x00007f18003e3000] with protection modes 0
Event: 0.022 Protecting memory [0x00007f18002de000,0x00007f18002e2000] with protection modes 0
Event: 0.023 Protecting memory [0x00007f18001dd000,0x00007f18001e1000] with protection modes 0
Event: 0.023 Protecting memory [0x00007f18000dc000,0x00007f18000e0000] with protection modes 0
Event: 0.023 Protecting memory [0x00007f17aaf00000,0x00007f17aaf04000] with protection modes 0
Event: 0.024 Protecting memory [0x00007f17aadff000,0x00007f17aae03000] with protection modes 0
Event: 0.024 Protecting memory [0x00007f17aacfe000,0x00007f17aad02000] with protection modes 0
Event: 0.044 Protecting memory [0x00007f17aabfd000,0x00007f17aac01000] with protection modes 0
Event: 0.051 Protecting memory [0x00007f17aaafc000,0x00007f17aab00000] with protection modes 0
Event: 0.052 Protecting memory [0x00007f17aa9fb000,0x00007f17aa9ff000] with protection modes 0
Event: 0.066 Protecting memory [0x00007f17aa8fa000,0x00007f17aa8fe000] with protection modes 0
Event: 0.188 Protecting memory [0x00007f17aa7d3000,0x00007f17aa7d7000] with protection modes 0
Event: 0.362 Protecting memory [0x00007f17aa6d2000,0x00007f17aa6d6000] with protection modes 0
Event: 0.408 Protecting memory [0x00007f17aa5d1000,0x00007f17aa5d5000] with protection modes 0
Event: 0.774 Protecting memory [0x00007f17a9d2f000,0x00007f17a9d33000] with protection modes 0

Nmethod flushes (0 events):
No events

Events (16 events):
Event: 0.014 Thread 0x00007f1820019b80 Thread added: 0x00007f1820019b80
Event: 0.022 Thread 0x00007f1820019b80 Thread added: 0x00007f18201738a0
Event: 0.022 Thread 0x00007f1820019b80 Thread added: 0x00007f1820174f20
Event: 0.023 Thread 0x00007f1820019b80 Thread added: 0x00007f18201769e0
Event: 0.023 Thread 0x00007f1820019b80 Thread added: 0x00007f1820178020
Event: 0.023 Thread 0x00007f1820019b80 Thread added: 0x00007f18201795c0
Event: 0.024 Thread 0x00007f1820019b80 Thread added: 0x00007f182017b180
Event: 0.024 Thread 0x00007f1820019b80 Thread added: 0x00007f182017c840
Event: 0.044 Thread 0x00007f1820019b80 Thread added: 0x00007f18201967c0
Event: 0.051 Thread 0x00007f182017c840 Thread added: 0x00007f1784066e70
Event: 0.052 Thread 0x00007f182017c840 Thread added: 0x00007f17840684a0
Event: 0.066 Thread 0x00007f1820019b80 Thread added: 0x00007f18201d45a0
Event: 0.188 Thread 0x00007f17840684a0 Thread added: 0x00007f177008f960
Event: 0.362 Thread 0x00007f182017b180 Thread added: 0x00007f17800a1cf0
Event: 0.408 Thread 0x00007f17800a1cf0 Thread added: 0x00007f176c001ac0
Event: 0.774 Thread 0x00007f1820019b80 Thread added: 0x00007f182077a380


Dynamic libraries:
710800000-71f800000 rw-p 00000000 00:00 0 
71f800000-7ffe00000 ---p 00000000 00:00 0 
7ffe00000-7fff08000 rw-p 00ced000 08:20 30828                            /usr/lib/jvm/java-21-openjdk-amd64/lib/server/classes.jsa
7fff08000-800000000 rw-p 00000000 00:00 0 
55704aae5000-55704aae6000 r--p 00000000 08:20 21391                      /usr/lib/jvm/java-21-openjdk-amd64/bin/java
55704aae6000-55704aae7000 r-xp 00001000 08:20 21391                      /usr/lib/jvm/java-21-openjdk-amd64/bin/java
55704aae7000-55704aae8000 r--p 00002000 08:20 21391                      /usr/lib/jvm/java-21-openjdk-amd64/bin/java
55704aae8000-55704aae9000 r--p 00002000 08:20 21391                      /usr/lib/jvm/java-21-openjdk-amd64/bin/java
55704aae9000-55704aaea000 rw-p 00003000 08:20 21391                      /usr/lib/jvm/java-21-openjdk-amd64/bin/java
55704c010000-55704c057000 rw-p 00000000 00:00 0                          [heap]
7f1750000000-7f1750021000 rw-p 00000000 00:00 0 
7f1750021000-7f1754000000 ---p 00000000 00:00 0 
7f1754000000-7f1754021000 rw-p 00000000 00:00 0 
7f1754021000-7f1758000000 ---p 00000000 00:00 0 
7f1758000000-7f1758021000 rw-p 00000000 00:00 0 
7f1758021000-7f175c000000 ---p 00000000 00:00 0 
7f175c000000-7f175c021000 rw-p 00000000 00:00 0 
7f175c021000-7f1760000000 ---p 00000000 00:00 0 
7f1760000000-7f1760549000 rw-p 00000000 00:00 0 
7f1760549000-7f1764000000 ---p 00000000 00:00 0 
7f1764000000-7f1764021000 rw-p 00000000 00:00 0 
7f1764021000-7f1768000000 ---p 00000000 00:00 0 
7f1768000000-7f176810c000 rw-p 00000000 00:00 0 
7f176810c000-7f176c000000 ---p 00000000 00:00 0 
7f176c000000-7f176cac2000 rw-p 00000000 00:00 0 
7f176cac2000-7f1770000000 ---p 00000000 00:00 0 
7f1770000000-7f177018b000 rw-p 00000000 00:00 0 
7f177018b000-7f1774000000 ---p 00000000 00:00 0 
7f1774000000-7f1774021000 rw-p 00000000 00:00 0 
7f1774021000-7f1778000000 ---p 00000000 00:00 0 
7f1778000000-7f1778021000 rw-p 00000000 00:00 0 
7f1778021000-7f177c000000 ---p 00000000 00:00 0 
7f177c000000-7f177c1bb000 rw-p 00000000 00:00 0 
7f177c1bb000-7f1780000000 ---p 00000000 00:00 0 
7f1780000000-7f1780dcb000 rw-p 00000000 00:00 0 
7f1780dcb000-7f1784000000 ---p 00000000 00:00 0 
7f1784000000-7f1784259000 rw-p 00000000 00:00 0 
7f1784259000-7f1788000000 ---p 00000000 00:00 0 
7f1788000000-7f1788021000 rw-p 00000000 00:00 0 
7f1788021000-7f178c000000 ---p 00000000 00:00 0 
7f178c000000-7f178c021000 rw-p 00000000 00:00 0 
7f178c021000-7f1790000000 ---p 00000000 00:00 0 
7f1790000000-7f1790021000 rw-p 00000000 00:00 0 
7f1790021000-7f1794000000 ---p 00000000 00:00 0 
7f1794000000-7f1794021000 rw-p 00000000 00:00 0 
7f1794021000-7f1798000000 ---p 00000000 00:00 0 
7f1798000000-7f1798021000 rw-p 00000000 00:00 0 
7f1798021000-7f179c000000 ---p 00000000 00:00 0 
7f179c000000-7f179c021000 rw-p 00000000 00:00 0 
7f179c021000-7f17a0000000 ---p 00000000 00:00 0 
7f17a0000000-7f17a02a0000 rw-p 00000000 00:00 0 
7f17a02a0000-7f17a0400000 ---p 00000000 00:00 0 
7f17a0400000-7f17a0ba0000 rw-p 00000000 00:00 0 
7f17a0ba0000-7f17a4000000 ---p 00000000 00:00 0 
7f17a4000000-7f17a4021000 rw-p 00000000 00:00 0 
7f17a4021000-7f17a8000000 ---p 00000000 00:00 0 
7f17a9b76000-7f17a9b7a000 r--p 00000000 08:20 6601                       /usr/lib/x86_64-linux-gnu/libXext.so.6.4.0
7f17a9b7a000-7f17a9b85000 r-xp 00004000 08:20 6601                       /usr/lib/x86_64-linux-gnu/libXext.so.6.4.0
7f17a9b85000-7f17a9b89000 r--p 0000f000 08:20 6601                       /usr/lib/x86_64-linux-gnu/libXext.so.6.4.0
7f17a9b89000-7f17a9b8a000 r--p 00012000 08:20 6601                       /usr/lib/x86_64-linux-gnu/libXext.so.6.4.0
7f17a9b8a000-7f17a9b8b000 rw-p 00013000 08:20 6601                       /usr/lib/x86_64-linux-gnu/libXext.so.6.4.0
7f17a9b8b000-7f17a9b8d000 r--p 00000000 08:20 6809                       /usr/lib/x86_64-linux-gnu/libmd.so.0.0.5
7f17a9b8d000-7f17a9b94000 r-xp 00002000 08:20 6809                       /usr/lib/x86_64-linux-gnu/libmd.so.0.0.5
7f17a9b94000-7f17a9b96000 r--p 00009000 08:20 6809                       /usr/lib/x86_64-linux-gnu/libmd.so.0.0.5
7f17a9b96000-7f17a9b97000 r--p 0000a000 08:20 6809                       /usr/lib/x86_64-linux-gnu/libmd.so.0.0.5
7f17a9b97000-7f17a9b98000 rw-p 0000b000 08:20 6809                       /usr/lib/x86_64-linux-gnu/libmd.so.0.0.5
7f17a9b98000-7f17a9b9c000 r--p 00000000 08:20 6637                       /usr/lib/x86_64-linux-gnu/libbsd.so.0.11.5
7f17a9b9c000-7f17a9ba9000 r-xp 00004000 08:20 6637                       /usr/lib/x86_64-linux-gnu/libbsd.so.0.11.5
7f17a9ba9000-7f17a9bac000 r--p 00011000 08:20 6637                       /usr/lib/x86_64-linux-gnu/libbsd.so.0.11.5
7f17a9bac000-7f17a9bad000 ---p 00014000 08:20 6637                       /usr/lib/x86_64-linux-gnu/libbsd.so.0.11.5
7f17a9bad000-7f17a9bae000 r--p 00014000 08:20 6637                       /usr/lib/x86_64-linux-gnu/libbsd.so.0.11.5
7f17a9bae000-7f17a9baf000 rw-p 00015000 08:20 6637                       /usr/lib/x86_64-linux-gnu/libbsd.so.0.11.5
7f17a9baf000-7f17a9bb0000 rw-p 00000000 00:00 0 
7f17a9bb0000-7f17a9bb2000 r--p 00000000 08:20 6599                       /usr/lib/x86_64-linux-gnu/libXdmcp.so.6.0.0
7f17a9bb2000-7f17a9bb4000 r-xp 00002000 08:20 6599                       /usr/lib/x86_64-linux-gnu/libXdmcp.so.6.0.0
7f17a9bb4000-7f17a9bb6000 r--p 00004000 08:20 6599                       /usr/lib/x86_64-linux-gnu/libXdmcp.so.6.0.0
7f17a9bb6000-7f17a9bb7000 r--p 00005000 08:20 6599                       /usr/lib/x86_64-linux-gnu/libXdmcp.so.6.0.0
7f17a9bb7000-7f17a9bb8000 rw-p 00006000 08:20 6599                       /usr/lib/x86_64-linux-gnu/libXdmcp.so.6.0.0
7f17a9bb8000-7f17a9bb9000 r--p 00000000 08:20 6597                       /usr/lib/x86_64-linux-gnu/libXau.so.6.0.0
7f17a9bb9000-7f17a9bbb000 r-xp 00001000 08:20 6597                       /usr/lib/x86_64-linux-gnu/libXau.so.6.0.0
7f17a9bbb000-7f17a9bbc000 r--p 00003000 08:20 6597                       /usr/lib/x86_64-linux-gnu/libXau.so.6.0.0
7f17a9bbc000-7f17a9bbd000 r--p 00003000 08:20 6597                       /usr/lib/x86_64-linux-gnu/libXau.so.6.0.0
7f17a9bbd000-7f17a9bbe000 rw-p 00004000 08:20 6597                       /usr/lib/x86_64-linux-gnu/libXau.so.6.0.0
7f17a9bbe000-7f17a9bc9000 r--p 00000000 08:20 6985                       /usr/lib/x86_64-linux-gnu/libxcb.so.1.1.0
7f17a9bc9000-7f17a9bdd000 r-xp 0000b000 08:20 6985                       /usr/lib/x86_64-linux-gnu/libxcb.so.1.1.0
7f17a9bdd000-7f17a9be6000 r--p 0001f000 08:20 6985                       /usr/lib/x86_64-linux-gnu/libxcb.so.1.1.0
7f17a9be6000-7f17a9be7000 r--p 00027000 08:20 6985                       /usr/lib/x86_64-linux-gnu/libxcb.so.1.1.0
7f17a9be7000-7f17a9be8000 rw-p 00028000 08:20 6985                       /usr/lib/x86_64-linux-gnu/libxcb.so.1.1.0
7f17a9bee000-7f17a9c07000 r--p 00000000 08:20 6595                       /usr/lib/x86_64-linux-gnu/libX11.so.6.4.0
7f17a9c07000-7f17a9c93000 r-xp 00019000 08:20 6595                       /usr/lib/x86_64-linux-gnu/libX11.so.6.4.0
7f17a9c93000-7f17a9d28000 r--p 000a5000 08:20 6595                       /usr/lib/x86_64-linux-gnu/libX11.so.6.4.0
7f17a9d28000-7f17a9d29000 ---p 0013a000 08:20 6595                       /usr/lib/x86_64-linux-gnu/libX11.so.6.4.0
7f17a9d29000-7f17a9d2a000 r--p 0013a000 08:20 6595                       /usr/lib/x86_64-linux-gnu/libX11.so.6.4.0
7f17a9d2a000-7f17a9d2e000 rw-p 0013b000 08:20 6595                       /usr/lib/x86_64-linux-gnu/libX11.so.6.4.0
7f17a9d2e000-7f17a9d2f000 ---p 00000000 00:00 0 
7f17a9d2f000-7f17a9d33000 ---p 00000000 00:00 0 
7f17a9d33000-7f17a9e2f000 rw-p 00000000 00:00 0 
7f17a9e2f000-7f17a9e9c000 r--p 00000000 08:20 30713                      /home/zbrotherton/.javacpp/cache/jaylib-5.0.0-0.jar/com/raylib/linux-x86_64/libjniRaylib.so
7f17a9e9c000-7f17aa0ef000 r-xp 0006d000 08:20 30713                      /home/zbrotherton/.javacpp/cache/jaylib-5.0.0-0.jar/com/raylib/linux-x86_64/libjniRaylib.so
7f17aa0ef000-7f17aa187000 r--p 002c0000 08:20 30713                      /home/zbrotherton/.javacpp/cache/jaylib-5.0.0-0.jar/com/raylib/linux-x86_64/libjniRaylib.so
7f17aa187000-7f17aa188000 ---p 00358000 08:20 30713                      /home/zbrotherton/.javacpp/cache/jaylib-5.0.0-0.jar/com/raylib/linux-x86_64/libjniRaylib.so
7f17aa188000-7f17aa189000 r--p 00358000 08:20 30713                      /home/zbrotherton/.javacpp/cache/jaylib-5.0.0-0.jar/com/raylib/linux-x86_64/libjniRaylib.so
7f17aa189000-7f17aa193000 rw-p 00359000 08:20 30713                      /home/zbrotherton/.javacpp/cache/jaylib-5.0.0-0.jar/com/raylib/linux-x86_64/libjniRaylib.so
7f17aa193000-7f17aa1cc000 rw-p 00000000 00:00 0 
7f17aa1cc000-7f17aa1cd000 ---p 00000000 00:00 0 
7f17aa1cd000-7f17aa2cd000 rw-p 00000000 00:00 0 
7f17aa2cd000-7f17aa2ce000 ---p 00000000 00:00 0 
7f17aa2ce000-7f17aa3ce000 rw-p 00000000 00:00 0 
7f17aa3ce000-7f17aa3cf000 ---p 00000000 00:00 0 
7f17aa3cf000-7f17aa4cf000 rw-p 00000000 00:00 0 
7f17aa4cf000-7f17aa4d0000 ---p 00000000 00:00 0 
7f17aa4d0000-7f17aa5d0000 rw-p 00000000 00:00 0 
7f17aa5d0000-7f17aa5d1000 ---p 00000000 00:00 0 
7f17aa5d1000-7f17aa5d5000 ---p 00000000 00:00 0 
7f17aa5d5000-7f17aa6d1000 rw-p 00000000 00:00 0 
7f17aa6d1000-7f17aa6d2000 ---p 00000000 00:00 0 
7f17aa6d2000-7f17aa6d6000 ---p 00000000 00:00 0 
7f17aa6d6000-7f17aa7d2000 rw-p 00000000 00:00 0 
7f17aa7d2000-7f17aa7d3000 ---p 00000000 00:00 0 
7f17aa7d3000-7f17aa7d7000 ---p 00000000 00:00 0 
7f17aa7d7000-7f17aa8d3000 rw-p 00000000 00:00 0 
7f17aa8d3000-7f17aa8d6000 r--p 00000000 08:20 30816                      /usr/lib/jvm/java-21-openjdk-amd64/lib/libnet.so
7f17aa8d6000-7f17aa8de000 r-xp 00003000 08:20 30816                      /usr/lib/jvm/java-21-openjdk-amd64/lib/libnet.so
7f17aa8de000-7f17aa8e0000 r--p 0000b000 08:20 30816                      /usr/lib/jvm/java-21-openjdk-amd64/lib/libnet.so
7f17aa8e0000-7f17aa8e1000 r--p 0000c000 08:20 30816                      /usr/lib/jvm/java-21-openjdk-amd64/lib/libnet.so
7f17aa8e1000-7f17aa8e2000 rw-p 0000d000 08:20 30816                      /usr/lib/jvm/java-21-openjdk-amd64/lib/libnet.so
7f17aa8e2000-7f17aa8e9000 r--p 00000000 08:20 30817                      /usr/lib/jvm/java-21-openjdk-amd64/lib/libnio.so
7f17aa8e9000-7f17aa8f2000 r-xp 00007000 08:20 30817                      /usr/lib/jvm/java-21-openjdk-amd64/lib/libnio.so
7f17aa8f2000-7f17aa8f6000 r--p 00010000 08:20 30817                      /usr/lib/jvm/java-21-openjdk-amd64/lib/libnio.so
7f17aa8f6000-7f17aa8f7000 ---p 00014000 08:20 30817                      /usr/lib/jvm/java-21-openjdk-amd64/lib/libnio.so
7f17aa8f7000-7f17aa8f8000 r--p 00014000 08:20 30817                      /usr/lib/jvm/java-21-openjdk-amd64/lib/libnio.so
7f17aa8f8000-7f17aa8f9000 rw-p 00015000 08:20 30817                      /usr/lib/jvm/java-21-openjdk-amd64/lib/libnio.so
7f17aa8f9000-7f17aa8fa000 ---p 00000000 00:00 0 
7f17aa8fa000-7f17aa8fe000 ---p 00000000 00:00 0 
7f17aa8fe000-7f17aa9fa000 rw-p 00000000 00:00 0 
7f17aa9fa000-7f17aa9fb000 ---p 00000000 00:00 0 
7f17aa9fb000-7f17aa9ff000 ---p 00000000 00:00 0 
7f17aa9ff000-7f17aaafb000 rw-p 00000000 00:00 0 
7f17aaafb000-7f17aaafc000 ---p 00000000 00:00 0 
7f17aaafc000-7f17aab00000 ---p 00000000 00:00 0 
7f17aab00000-7f17aabfc000 rw-p 00000000 00:00 0 
7f17aabfc000-7f17aabfd000 ---p 00000000 00:00 0 
7f17aabfd000-7f17aac01000 ---p 00000000 00:00 0 
7f17aac01000-7f17aacfd000 rw-p 00000000 00:00 0 
7f17aacfd000-7f17aacfe000 ---p 00000000 00:00 0 
7f17aacfe000-7f17aad02000 ---p 00000000 00:00 0 
7f17aad02000-7f17aadfe000 rw-p 00000000 00:00 0 
7f17aadfe000-7f17aadff000 ---p 00000000 00:00 0 
7f17aadff000-7f17aae03000 ---p 00000000 00:00 0 
7f17aae03000-7f17aaeff000 rw-p 00000000 00:00 0 
7f17aaeff000-7f17aaf00000 ---p 00000000 00:00 0 
7f17aaf00000-7f17aaf04000 ---p 00000000 00:00 0 
7f17aaf04000-7f17ab000000 rw-p 00000000 00:00 0 
7f17ab000000-7f17abcae000 rw-p 00001000 08:20 30828                      /usr/lib/jvm/java-21-openjdk-amd64/lib/server/classes.jsa
7f17abcae000-7f17ac000000 ---p 00000000 00:00 0 
7f17ac000000-7f17ac040000 rw-p 00000000 00:00 0 
7f17ac040000-7f17ac080000 rw-p 00000000 00:00 0 
7f17ac080000-7f17ac150000 rw-p 00000000 00:00 0 
7f17ac150000-7f17ec000000 ---p 00000000 00:00 0 
7f17ec000000-7f17ec021000 rw-p 00000000 00:00 0 
7f17ec021000-7f17f0000000 ---p 00000000 00:00 0 
7f17f0000000-7f17f0021000 rw-p 00000000 00:00 0 
7f17f0021000-7f17f4000000 ---p 00000000 00:00 0 
7f17f4000000-7f17f4021000 rw-p 00000000 00:00 0 
7f17f4021000-7f17f8000000 ---p 00000000 00:00 0 
7f17f8000000-7f17f8021000 rw-p 00000000 00:00 0 
7f17f8021000-7f17fc000000 ---p 00000000 00:00 0 
7f17fc000000-7f17fc021000 rw-p 00000000 00:00 0 
7f17fc021000-7f1800000000 ---p 00000000 00:00 0 
7f1800005000-7f1800006000 r--p 00000000 08:20 29839                      /usr/lib/x86_64-linux-gnu/libpthread.so.0
7f1800006000-7f1800007000 r-xp 00001000 08:20 29839                      /usr/lib/x86_64-linux-gnu/libpthread.so.0
7f1800007000-7f1800008000 r--p 00002000 08:20 29839                      /usr/lib/x86_64-linux-gnu/libpthread.so.0
7f1800008000-7f1800009000 r--p 00002000 08:20 29839                      /usr/lib/x86_64-linux-gnu/libpthread.so.0
7f1800009000-7f180000a000 rw-p 00003000 08:20 29839                      /usr/lib/x86_64-linux-gnu/libpthread.so.0
7f180000a000-7f180000f000 r--p 00000000 08:20 30809                      /usr/lib/jvm/java-21-openjdk-amd64/lib/libjsvml.so
7f180000f000-7f1800050000 r-xp 00005000 08:20 30809                      /usr/lib/jvm/java-21-openjdk-amd64/lib/libjsvml.so
7f1800050000-7f18000d9000 r--p 00046000 08:20 30809                      /usr/lib/jvm/java-21-openjdk-amd64/lib/libjsvml.so
7f18000d9000-7f18000da000 r--p 000ce000 08:20 30809                      /usr/lib/jvm/java-21-openjdk-amd64/lib/libjsvml.so
7f18000da000-7f18000db000 rw-p 000cf000 08:20 30809                      /usr/lib/jvm/java-21-openjdk-amd64/lib/libjsvml.so
7f18000db000-7f18000dc000 ---p 00000000 00:00 0 
7f18000dc000-7f18000e0000 ---p 00000000 00:00 0 
7f18000e0000-7f18001dc000 rw-p 00000000 00:00 0 
7f18001dc000-7f18001dd000 ---p 00000000 00:00 0 
7f18001dd000-7f18001e1000 ---p 00000000 00:00 0 
7f18001e1000-7f18002dd000 rw-p 00000000 00:00 0 
7f18002dd000-7f18002de000 ---p 00000000 00:00 0 
7f18002de000-7f18002e2000 ---p 00000000 00:00 0 
7f18002e2000-7f18003de000 rw-p 00000000 00:00 0 
7f18003de000-7f18003df000 ---p 00000000 00:00 0 
7f18003df000-7f18003e3000 ---p 00000000 00:00 0 
7f18003e3000-7f18004df000 rw-p 00000000 00:00 0 
7f18004df000-7f1800536000 r--p 00000000 08:20 12912                      /usr/lib/locale/C.utf8/LC_CTYPE
7f1800536000-7f1800537000 ---p 00000000 00:00 0 
7f1800537000-7f1800637000 rw-p 00000000 00:00 0 
7f1800637000-7f1800638000 ---p 00000000 00:00 0 
7f1800638000-7f1800855000 rw-p 00000000 00:00 0 
7f1800855000-7f1800856000 ---p 00000000 00:00 0 
7f1800856000-7f1800956000 rw-p 00000000 00:00 0 
7f1800956000-7f1800957000 ---p 00000000 00:00 0 
7f1800957000-7f1803764000 rw-p 00000000 00:00 0 
7f1803764000-7f1803765000 ---p 00000000 00:00 0 
7f1803765000-7f1803865000 rw-p 00000000 00:00 0 
7f1803865000-7f1803866000 ---p 00000000 00:00 0 
7f1803866000-7f1803966000 rw-p 00000000 00:00 0 
7f1803966000-7f1803967000 ---p 00000000 00:00 0 
7f1803967000-7f1803edf000 rw-p 00000000 00:00 0 
7f1803edf000-7f18076f7000 ---p 00000000 00:00 0 
7f18076f7000-7f1807777000 rw-p 00000000 00:00 0 
7f1807777000-7f1807e7a000 ---p 00000000 00:00 0 
7f1807e7a000-7f1807ef3000 rw-p 00000000 00:00 0 
7f1807ef3000-7f18085f6000 ---p 00000000 00:00 0 
7f18085f6000-7f18089fb000 rw-p 00000000 00:00 0 
7f18089fb000-7f1808d9b000 rwxp 00000000 00:00 0 
7f1808d9b000-7f180fe5a000 ---p 00000000 00:00 0 
7f180fe5a000-7f181019a000 rwxp 00000000 00:00 0 
7f181019a000-7f181059b000 ---p 00000000 00:00 0 
7f181059b000-7f181080b000 rwxp 00000000 00:00 0 
7f181080b000-7f18179fb000 ---p 00000000 00:00 0 
7f18179fb000-7f1820000000 r--s 00000000 08:20 30825                      /usr/lib/jvm/java-21-openjdk-amd64/lib/modules
7f1820000000-7f182091b000 rw-p 00000000 00:00 0 
7f182091b000-7f1824000000 ---p 00000000 00:00 0 
7f1824000000-7f1824002000 r--p 00000000 08:20 30824                      /usr/lib/jvm/java-21-openjdk-amd64/lib/libzip.so
7f1824002000-7f1824007000 r-xp 00002000 08:20 30824                      /usr/lib/jvm/java-21-openjdk-amd64/lib/libzip.so
7f1824007000-7f1824009000 r--p 00007000 08:20 30824                      /usr/lib/jvm/java-21-openjdk-amd64/lib/libzip.so
7f1824009000-7f182400a000 r--p 00008000 08:20 30824                      /usr/lib/jvm/java-21-openjdk-amd64/lib/libzip.so
7f182400a000-7f182400b000 rw-p 00009000 08:20 30824                      /usr/lib/jvm/java-21-openjdk-amd64/lib/libzip.so
7f182400b000-7f182400c000 r--p 00000000 08:20 12920                      /usr/lib/locale/C.utf8/LC_NUMERIC
7f182400c000-7f182400d000 r--p 00000000 08:20 13673                      /usr/lib/locale/C.utf8/LC_TIME
7f182400d000-7f182400e000 r--p 00000000 08:20 12723                      /usr/lib/locale/C.utf8/LC_COLLATE
7f182400e000-7f182400f000 r--p 00000000 08:20 12918                      /usr/lib/locale/C.utf8/LC_MONETARY
7f182400f000-7f1824010000 r--p 00000000 08:20 12916                      /usr/lib/locale/C.utf8/LC_MESSAGES/SYS_LC_MESSAGES
7f1824010000-7f1824011000 r--p 00000000 08:20 13671                      /usr/lib/locale/C.utf8/LC_PAPER
7f1824011000-7f1824012000 r--p 00000000 08:20 12919                      /usr/lib/locale/C.utf8/LC_NAME
7f1824012000-7f1824019000 r--s 00000000 08:20 30093                      /usr/lib/x86_64-linux-gnu/gconv/gconv-modules.cache
7f1824019000-7f1824927000 rw-p 00000000 00:00 0 
7f1824927000-7f1824a0b000 ---p 00000000 00:00 0 
7f1824a0b000-7f1824a13000 rw-p 00000000 00:00 0 
7f1824a13000-7f1824af4000 ---p 00000000 00:00 0 
7f1824af4000-7f1824afb000 rw-p 00000000 00:00 0 
7f1824afb000-7f1824b03000 ---p 00000000 00:00 0 
7f1824b03000-7f1824b10000 r--p 00000000 08:20 30802                      /usr/lib/jvm/java-21-openjdk-amd64/lib/libjava.so
7f1824b10000-7f1824b1e000 r-xp 0000d000 08:20 30802                      /usr/lib/jvm/java-21-openjdk-amd64/lib/libjava.so
7f1824b1e000-7f1824b23000 r--p 0001b000 08:20 30802                      /usr/lib/jvm/java-21-openjdk-amd64/lib/libjava.so
7f1824b23000-7f1824b24000 ---p 00020000 08:20 30802                      /usr/lib/jvm/java-21-openjdk-amd64/lib/libjava.so
7f1824b24000-7f1824b25000 r--p 00020000 08:20 30802                      /usr/lib/jvm/java-21-openjdk-amd64/lib/libjava.so
7f1824b25000-7f1824b26000 rw-p 00021000 08:20 30802                      /usr/lib/jvm/java-21-openjdk-amd64/lib/libjava.so
7f1824b26000-7f1824b27000 rw-p 00000000 00:00 0 
7f1824b27000-7f1824b2f000 rw-s 00000000 08:20 1279                       /tmp/hsperfdata_zbrotherton/3991
7f1824b2f000-7f1824b31000 r--p 00000000 08:20 30805                      /usr/lib/jvm/java-21-openjdk-amd64/lib/libjimage.so
7f1824b31000-7f1824b34000 r-xp 00002000 08:20 30805                      /usr/lib/jvm/java-21-openjdk-amd64/lib/libjimage.so
7f1824b34000-7f1824b35000 r--p 00005000 08:20 30805                      /usr/lib/jvm/java-21-openjdk-amd64/lib/libjimage.so
7f1824b35000-7f1824b36000 ---p 00006000 08:20 30805                      /usr/lib/jvm/java-21-openjdk-amd64/lib/libjimage.so
7f1824b36000-7f1824b37000 r--p 00006000 08:20 30805                      /usr/lib/jvm/java-21-openjdk-amd64/lib/libjimage.so
7f1824b37000-7f1824b38000 rw-p 00007000 08:20 30805                      /usr/lib/jvm/java-21-openjdk-amd64/lib/libjimage.so
7f1824b38000-7f1824b3c000 ---p 00000000 00:00 0 
7f1824b3c000-7f1824c38000 rw-p 00000000 00:00 0 
7f1824c38000-7f1824c3b000 r--p 00000000 08:20 6709                       /usr/lib/x86_64-linux-gnu/libgcc_s.so.1
7f1824c3b000-7f1824c52000 r-xp 00003000 08:20 6709                       /usr/lib/x86_64-linux-gnu/libgcc_s.so.1
7f1824c52000-7f1824c56000 r--p 0001a000 08:20 6709                       /usr/lib/x86_64-linux-gnu/libgcc_s.so.1
7f1824c56000-7f1824c57000 r--p 0001d000 08:20 6709                       /usr/lib/x86_64-linux-gnu/libgcc_s.so.1
7f1824c57000-7f1824c58000 rw-p 0001e000 08:20 6709                       /usr/lib/x86_64-linux-gnu/libgcc_s.so.1
7f1824c58000-7f1824c66000 r--p 00000000 08:20 29830                      /usr/lib/x86_64-linux-gnu/libm.so.6
7f1824c66000-7f1824ce2000 r-xp 0000e000 08:20 29830                      /usr/lib/x86_64-linux-gnu/libm.so.6
7f1824ce2000-7f1824d3d000 r--p 0008a000 08:20 29830                      /usr/lib/x86_64-linux-gnu/libm.so.6
7f1824d3d000-7f1824d3e000 r--p 000e4000 08:20 29830                      /usr/lib/x86_64-linux-gnu/libm.so.6
7f1824d3e000-7f1824d3f000 rw-p 000e5000 08:20 29830                      /usr/lib/x86_64-linux-gnu/libm.so.6
7f1824d3f000-7f1824dd9000 r--p 00000000 08:20 6947                       /usr/lib/x86_64-linux-gnu/libstdc++.so.6.0.30
7f1824dd9000-7f1824eea000 r-xp 0009a000 08:20 6947                       /usr/lib/x86_64-linux-gnu/libstdc++.so.6.0.30
7f1824eea000-7f1824f59000 r--p 001ab000 08:20 6947                       /usr/lib/x86_64-linux-gnu/libstdc++.so.6.0.30
7f1824f59000-7f1824f5a000 ---p 0021a000 08:20 6947                       /usr/lib/x86_64-linux-gnu/libstdc++.so.6.0.30
7f1824f5a000-7f1824f65000 r--p 0021a000 08:20 6947                       /usr/lib/x86_64-linux-gnu/libstdc++.so.6.0.30
7f1824f65000-7f1824f68000 rw-p 00225000 08:20 6947                       /usr/lib/x86_64-linux-gnu/libstdc++.so.6.0.30
7f1824f68000-7f1824f6b000 rw-p 00000000 00:00 0 
7f1824f6b000-7f1825201000 r--p 00000000 08:20 30831                      /usr/lib/jvm/java-21-openjdk-amd64/lib/server/libjvm.so
7f1825201000-7f182606c000 r-xp 00296000 08:20 30831                      /usr/lib/jvm/java-21-openjdk-amd64/lib/server/libjvm.so
7f182606c000-7f182633f000 r--p 01101000 08:20 30831                      /usr/lib/jvm/java-21-openjdk-amd64/lib/server/libjvm.so
7f182633f000-7f182640f000 r--p 013d3000 08:20 30831                      /usr/lib/jvm/java-21-openjdk-amd64/lib/server/libjvm.so
7f182640f000-7f182643f000 rw-p 014a3000 08:20 30831                      /usr/lib/jvm/java-21-openjdk-amd64/lib/server/libjvm.so
7f182643f000-7f18264a7000 rw-p 00000000 00:00 0 
7f18264a7000-7f18264cf000 r--p 00000000 08:20 29827                      /usr/lib/x86_64-linux-gnu/libc.so.6
7f18264cf000-7f1826664000 r-xp 00028000 08:20 29827                      /usr/lib/x86_64-linux-gnu/libc.so.6
7f1826664000-7f18266bc000 r--p 001bd000 08:20 29827                      /usr/lib/x86_64-linux-gnu/libc.so.6
7f18266bc000-7f18266bd000 ---p 00215000 08:20 29827                      /usr/lib/x86_64-linux-gnu/libc.so.6
7f18266bd000-7f18266c1000 r--p 00215000 08:20 29827                      /usr/lib/x86_64-linux-gnu/libc.so.6
7f18266c1000-7f18266c3000 rw-p 00219000 08:20 29827                      /usr/lib/x86_64-linux-gnu/libc.so.6
7f18266c3000-7f18266d0000 rw-p 00000000 00:00 0 
7f18266d0000-7f18266d2000 r--p 00000000 08:20 30806                      /usr/lib/jvm/java-21-openjdk-amd64/lib/libjli.so
7f18266d2000-7f18266dc000 r-xp 00002000 08:20 30806                      /usr/lib/jvm/java-21-openjdk-amd64/lib/libjli.so
7f18266dc000-7f18266df000 r--p 0000c000 08:20 30806                      /usr/lib/jvm/java-21-openjdk-amd64/lib/libjli.so
7f18266df000-7f18266e0000 ---p 0000f000 08:20 30806                      /usr/lib/jvm/java-21-openjdk-amd64/lib/libjli.so
7f18266e0000-7f18266e1000 r--p 0000f000 08:20 30806                      /usr/lib/jvm/java-21-openjdk-amd64/lib/libjli.so
7f18266e1000-7f18266e2000 rw-p 00010000 08:20 30806                      /usr/lib/jvm/java-21-openjdk-amd64/lib/libjli.so
7f18266e2000-7f18266e4000 r--p 00000000 08:20 6997                       /usr/lib/x86_64-linux-gnu/libz.so.1.2.11
7f18266e4000-7f18266f5000 r-xp 00002000 08:20 6997                       /usr/lib/x86_64-linux-gnu/libz.so.1.2.11
7f18266f5000-7f18266fb000 r--p 00013000 08:20 6997                       /usr/lib/x86_64-linux-gnu/libz.so.1.2.11
7f18266fb000-7f18266fc000 ---p 00019000 08:20 6997                       /usr/lib/x86_64-linux-gnu/libz.so.1.2.11
7f18266fc000-7f18266fd000 r--p 00019000 08:20 6997                       /usr/lib/x86_64-linux-gnu/libz.so.1.2.11
7f18266fd000-7f18266fe000 rw-p 0001a000 08:20 6997                       /usr/lib/x86_64-linux-gnu/libz.so.1.2.11
7f18266fe000-7f18266ff000 r--p 00000000 08:20 12648                      /usr/lib/locale/C.utf8/LC_ADDRESS
7f18266ff000-7f1826700000 r--p 00000000 08:20 13672                      /usr/lib/locale/C.utf8/LC_TELEPHONE
7f1826700000-7f1826701000 r--p 00000000 08:20 12914                      /usr/lib/locale/C.utf8/LC_MEASUREMENT
7f1826701000-7f1826702000 r--p 00000000 08:20 12913                      /usr/lib/locale/C.utf8/LC_IDENTIFICATION
7f1826702000-7f1826703000 ---p 00000000 00:00 0 
7f1826703000-7f1826704000 r--p 00000000 00:00 0 
7f1826704000-7f1826706000 rw-p 00000000 00:00 0 
7f1826706000-7f1826708000 r--p 00000000 08:20 29824                      /usr/lib/x86_64-linux-gnu/ld-linux-x86-64.so.2
7f1826708000-7f1826732000 r-xp 00002000 08:20 29824                      /usr/lib/x86_64-linux-gnu/ld-linux-x86-64.so.2
7f1826732000-7f182673d000 r--p 0002c000 08:20 29824                      /usr/lib/x86_64-linux-gnu/ld-linux-x86-64.so.2
7f182673d000-7f182673e000 ---p 00000000 00:00 0 
7f182673e000-7f1826740000 r--p 00037000 08:20 29824                      /usr/lib/x86_64-linux-gnu/ld-linux-x86-64.so.2
7f1826740000-7f1826742000 rw-p 00039000 08:20 29824                      /usr/lib/x86_64-linux-gnu/ld-linux-x86-64.so.2
7ffefcfcf000-7ffefcff0000 rw-p 00000000 00:00 0                          [stack]
7ffefcff7000-7ffefcffb000 r--p 00000000 00:00 0                          [vvar]
7ffefcffb000-7ffefcffd000 r-xp 00000000 00:00 0                          [vdso]
Total number of mappings: 314


VM Arguments:
jvm_args: --add-modules=ALL-DEFAULT 
java_command: jdk.compiler/com.sun.tools.javac.launcher.Main src/PuckmanBall.java
java_class_path (initial): lib/jaylib-5.0.0-0.jar:.
Launcher Type: SUN_STANDARD

[Global flags]
     intx CICompilerCount                          = 12                                        {product} {ergonomic}
     uint ConcGCThreads                            = 3                                         {product} {ergonomic}
     uint G1ConcRefinementThreads                  = 13                                        {product} {ergonomic}
   size_t G1HeapRegionSize                         = 2097152                                   {product} {ergonomic}
    uintx GCDrainStackTargetSize                   = 64                                        {product} {ergonomic}
   size_t InitialHeapSize                          = 251658240                                 {product} {ergonomic}
   size_t MarkStackSize                            = 4194304                                   {product} {ergonomic}
   size_t MaxHeapSize                              = 4018143232                                {product} {ergonomic}
   size_t MaxNewSize                               = 2409627648                                {product} {ergonomic}
   size_t MinHeapDeltaBytes                        = 2097152                                   {product} {ergonomic}
   size_t MinHeapSize                              = 8388608                                   {product} {ergonomic}
    uintx NonNMethodCodeHeapSize                   = 7602480                                {pd product} {ergonomic}
    uintx NonProfiledCodeHeapSize                  = 122027880                              {pd product} {ergonomic}
    uintx ProfiledCodeHeapSize                     = 122027880                              {pd product} {ergonomic}
    uintx ReservedCodeCacheSize                    = 251658240                              {pd product} {ergonomic}
     bool SegmentedCodeCache                       = true                                      {product} {ergonomic}
   size_t SoftMaxHeapSize                          = 4018143232                             {manageable} {ergonomic}
     bool UseCompressedOops                        = true                           {product lp64_product} {ergonomic}
     bool UseG1GC                                  = true                                      {product} {ergonomic}

Logging:
Log output configuration:
 #0: stdout all=warning uptime,level,tags foldmultilines=false
 #1: stderr all=off uptime,level,tags foldmultilines=false

Environment Variables:
PATH=/usr/local/sbin:/usr/local/bin:/usr/sbin:/usr/bin:/sbin:/bin:/usr/games:/usr/local/games:/usr/lib/wsl/lib:/mnt/c/Program Files/WindowsApps/MicrosoftCorporationII.WindowsSubsystemForLinux_2.3.24.0_x64__8wekyb3d8bbwe:/mnt/c/Program Files/Eclipse Adoptium/jdk-21.0.4.7-hotspot/bin:/mnt/c/Windows/system32:/mnt/c/Windows:/mnt/c/Windows/System32/Wbem:/mnt/c/Windows/System32/WindowsPowerShell/v1.0/:/mnt/c/Windows/System32/OpenSSH/:/mnt/c/Program Files (x86)/Box/Box Edit/:/mnt/c/Program Files (x86)/Windows Kits/10/Windows Performance Toolkit/:/mnt/c/Program Files/GitExtensions/:/mnt/c/Program Files/dotnet/:/mnt/c/Program Files/Git/cmd:/mnt/c/Program Files/MATLAB/R2024b/runtime/win64:/mnt/c/Program Files/MATLAB/R2024b/bin:/mnt/c/Users/Zane/AppData/Local/Microsoft/WindowsApps:/mnt/c/Users/Zane/AppData/Local/Programs/Microsoft VS Code/bin:/snap/bin
SHELL=/bin/bash
DISPLAY=:0
HOSTTYPE=x86_64
LANG=C.UTF-8
TERM=xterm-256color

Active Locale:
LC_ALL=C.UTF-8
LC_COLLATE=C.UTF-8
LC_CTYPE=C.UTF-8
LC_MESSAGES=C.UTF-8
LC_MONETARY=C.UTF-8
LC_NUMERIC=C.UTF-8
LC_TIME=C.UTF-8

Signal Handlers:
   SIGSEGV: crash_handler in libjvm.so, mask=11100100010111111101111111111110, flags=SA_RESTART|SA_SIGINFO, unblocked
    SIGBUS: crash_handler in libjvm.so, mask=11100100010111111101111111111110, flags=SA_RESTART|SA_SIGINFO, unblocked
    SIGFPE: crash_handler in libjvm.so, mask=11100100010111111101111111111110, flags=SA_RESTART|SA_SIGINFO, unblocked
   SIGPIPE: javaSignalHandler in libjvm.so, mask=11100100010111111101111111111110, flags=SA_RESTART|SA_SIGINFO, blocked
   SIGXFSZ: javaSignalHandler in libjvm.so, mask=11100100010111111101111111111110, flags=SA_RESTART|SA_SIGINFO, blocked
    SIGILL: crash_handler in libjvm.so, mask=11100100010111111101111111111110, flags=SA_RESTART|SA_SIGINFO, unblocked
   SIGUSR2: SR_handler in libjvm.so, mask=00000000000000000000000000000000, flags=SA_RESTART|SA_SIGINFO, blocked
    SIGHUP: UserHandler in libjvm.so, mask=11100100010111111101111111111110, flags=SA_RESTART|SA_SIGINFO, blocked
    SIGINT: UserHandler in libjvm.so, mask=11100100010111111101111111111110, flags=SA_RESTART|SA_SIGINFO, blocked
   SIGTERM: UserHandler in libjvm.so, mask=11100100010111111101111111111110, flags=SA_RESTART|SA_SIGINFO, blocked
   SIGQUIT: UserHandler in libjvm.so, mask=11100100010111111101111111111110, flags=SA_RESTART|SA_SIGINFO, blocked
   SIGTRAP: crash_handler in libjvm.so, mask=11100100010111111101111111111110, flags=SA_RESTART|SA_SIGINFO, unblocked


Periodic native trim disabled

---------------  S Y S T E M  ---------------

OS:
DISTRIB_ID=Ubuntu
DISTRIB_RELEASE=22.04
DISTRIB_CODENAME=jammy
DISTRIB_DESCRIPTION="Ubuntu 22.04.3 LTS"
uname: Linux 5.15.153.1-microsoft-standard-WSL2 #1 SMP Fri Mar 29 23:14:13 UTC 2024 x86_64
OS uptime: 0 days 0:06 hours
libc: glibc 2.35 NPTL 2.35 
rlimit (soft/hard): STACK 8192k/infinity , CORE 0k/infinity , NPROC 61262/61262 , NOFILE 1048576/1048576 , AS infinity/infinity , CPU infinity/infinity , DATA infinity/infinity , FSIZE infinity/infinity , MEMLOCK 65536k/65536k
load average: 0.08 0.07 0.01

/proc/meminfo:
MemTotal:       15690076 kB
MemFree:        13841508 kB
MemAvailable:   14693016 kB
Buffers:           24548 kB
Cached:          1046560 kB
SwapCached:            0 kB
Active:           220904 kB
Inactive:        1233164 kB
Active(anon):       2924 kB
Inactive(anon):   383448 kB
Active(file):     217980 kB
Inactive(file):   849716 kB
Unevictable:           0 kB
Mlocked:               0 kB
SwapTotal:       4194304 kB
SwapFree:        4194304 kB
Dirty:              4020 kB
Writeback:             0 kB
AnonPages:        371600 kB
Mapped:           191196 kB
Shmem:              3380 kB
KReclaimable:      59080 kB
Slab:             122512 kB
SReclaimable:      59080 kB
SUnreclaim:        63432 kB
KernelStack:        5504 kB
PageTables:         4344 kB
NFS_Unstable:          0 kB
Bounce:                0 kB
WritebackTmp:          0 kB
CommitLimit:    12039340 kB
Committed_AS:    1414240 kB
VmallocTotal:   34359738367 kB
VmallocUsed:       27248 kB
VmallocChunk:          0 kB
Percpu:             7296 kB
AnonHugePages:    108544 kB
ShmemHugePages:        0 kB
ShmemPmdMapped:        0 kB
FileHugePages:         0 kB
FilePmdMapped:         0 kB
HugePages_Total:       0
HugePages_Free:        0
HugePages_Rsvd:        0
HugePages_Surp:        0
Hugepagesize:       2048 kB
Hugetlb:               0 kB
DirectMap4k:       97280 kB
DirectMap2M:     8638464 kB
DirectMap1G:    16777216 kB

/sys/kernel/mm/transparent_hugepage/enabled: [always] madvise never
/sys/kernel/mm/transparent_hugepage/hpage_pmd_size: 2097152
/sys/kernel/mm/transparent_hugepage/defrag (defrag/compaction efforts parameter): always defer defer+madvise [madvise] never

Process Memory:
Virtual Size: 7412800K (peak: 7412800K)
Resident Set Size: 146860K (peak: 146860K) (anon: 111956K, file: 34904K, shmem: 0K)
Swapped out: 0K
C-Heap outstanding allocations: 62233K, retained: 19118K
glibc malloc tunables: (default)

/proc/sys/kernel/threads-max (system-wide limit on the number of threads): 122525
/proc/sys/vm/max_map_count (maximum number of memory map areas a process may have): 65530
/proc/sys/vm/swappiness (control to define how aggressively the kernel swaps out anonymous memory): 60
/proc/sys/kernel/pid_max (system-wide limit on number of process identifiers): 4194304

container (cgroup) information:
container_type: cgroupv1
cpu_cpuset_cpus: 0-15
cpu_memory_nodes: 0
active_processor_count: 16
cpu_quota: no quota
cpu_period: 100000
cpu_shares: no shares
memory_limit_in_bytes: unlimited
memory_and_swap_limit_in_bytes: unlimited
memory_soft_limit_in_bytes: unlimited
memory_usage_in_bytes: 1442936 k
memory_max_usage_in_bytes: 392124 k
kernel_memory_usage_in_bytes: 17088 k
kernel_memory_max_usage_in_bytes: unlimited
kernel_memory_limit_in_bytes: 21596 k
maximum number of tasks: not supported
current number of tasks: not supported

Hyper-V virtualization detected
Steal ticks since vm start: 0
Steal ticks percentage since vm start:  0.000

CPU: total 16 (initial active 16) (16 cores per cpu, 2 threads per core) family 25 model 116 stepping 1 microcode 0xffffffff, cx8, cmov, fxsr, ht, mmx, 3dnowpref, sse, sse2, sse3, ssse3, sse4a, sse4.1, sse4.2, popcnt, lzcnt, tsc, tscinvbit, avx, avx2, aes, erms, clmul, bmi1, bmi2, adx, avx512f, avx512dq, avx512cd, avx512bw, avx512vl, sha, fma, vzeroupper, avx512_vpopcntdq, avx512_vpclmulqdq, avx512_vaes, avx512_vnni, clflush, clflushopt, avx512_vbmi2, avx512_vbmi, hv, rdtscp, rdpid, fsrm, gfni, avx512_bitalg, f16c, cet_ss, avx512_ifma
CPU Model and flags from /proc/cpuinfo:
model name	: AMD Ryzen 7 PRO 7840U w/ Radeon 780M Graphics
flags		: fpu vme de pse tsc msr pae mce cx8 apic sep mtrr pge mca cmov pat pse36 clflush mmx fxsr sse sse2 ht syscall nx mmxext fxsr_opt pdpe1gb rdtscp lm constant_tsc rep_good nopl tsc_reliable nonstop_tsc cpuid extd_apicid pni pclmulqdq ssse3 fma cx16 sse4_1 sse4_2 movbe popcnt aes xsave avx f16c rdrand hypervisor lahf_lm cmp_legacy svm cr8_legacy abm sse4a misalignsse 3dnowprefetch osvw topoext perfctr_core ssbd ibrs ibpb stibp vmmcall fsgsbase bmi1 avx2 smep bmi2 erms invpcid avx512f avx512dq rdseed adx smap avx512ifma clflushopt clwb avx512cd sha_ni avx512bw avx512vl xsaveopt xsavec xgetbv1 xsaves avx512_bf16 clzero xsaveerptr arat npt nrip_save tsc_scale vmcb_clean flushbyasid decodeassists pausefilter pfthreshold v_vmsave_vmload avx512vbmi umip avx512_vbmi2 gfni vaes vpclmulqdq avx512_vnni avx512_bitalg avx512_vpopcntdq rdpid fsrm

Online cpus: 0-15
Offline cpus: 
BIOS frequency limitation: <Not Available>
Frequency switch latency (ns): <Not Available>
Available cpu frequencies: <Not Available>
Current governor: <Not Available>
Core performance/turbo boost: <Not Available>

Memory: 4k page, physical 15690076k(14693016k free), swap 4194304k(4194304k free)
Page Sizes: 4k

vm_info: OpenJDK 64-Bit Server VM (21.0.4+7-Ubuntu-1ubuntu222.04) for linux-amd64 JRE (21.0.4+7-Ubuntu-1ubuntu222.04), built on 2024-07-23T01:35:25Z by "buildd" with gcc 12.3.0

END.
